20-Aug-2024 10:16:59.639 WARNING [main] org.apache.tomcat.util.digester.Digester.endElement [Server/Service/Context]와(과) 부합하는 rule들을 찾을 수 없습니다.
20-Aug-2024 10:16:59.715 INFO [main] org.apache.catalina.startup.VersionLoggerListener.log 서버 버전 이름:    Apache Tomcat/10.1.28
20-Aug-2024 10:16:59.716 INFO [main] org.apache.catalina.startup.VersionLoggerListener.log Server 빌드 시각:  Aug 2 2024 15:14:43 UTC
20-Aug-2024 10:16:59.716 INFO [main] org.apache.catalina.startup.VersionLoggerListener.log Server 버전 번호:  10.1.28.0
20-Aug-2024 10:16:59.716 INFO [main] org.apache.catalina.startup.VersionLoggerListener.log 운영체제 이름:     Windows 10
20-Aug-2024 10:16:59.716 INFO [main] org.apache.catalina.startup.VersionLoggerListener.log 운영체제 버전:     10.0
20-Aug-2024 10:16:59.716 INFO [main] org.apache.catalina.startup.VersionLoggerListener.log 아키텍처:          amd64
20-Aug-2024 10:16:59.716 INFO [main] org.apache.catalina.startup.VersionLoggerListener.log 자바 홈:           C:\Program Files\Java\jdk-13.0.2
20-Aug-2024 10:16:59.716 INFO [main] org.apache.catalina.startup.VersionLoggerListener.log JVM 버전:          13.0.2+8
20-Aug-2024 10:16:59.717 INFO [main] org.apache.catalina.startup.VersionLoggerListener.log JVM 벤더:          Oracle Corporation
20-Aug-2024 10:16:59.717 INFO [main] org.apache.catalina.startup.VersionLoggerListener.log CATALINA_BASE:     D:\Work\JSP_Work\apache-tomcat-10.1.28
20-Aug-2024 10:16:59.717 INFO [main] org.apache.catalina.startup.VersionLoggerListener.log CATALINA_HOME:     D:\Work\JSP_Work\apache-tomcat-10.1.28
20-Aug-2024 10:16:59.718 INFO [main] org.apache.catalina.startup.VersionLoggerListener.log 명령 행 아규먼트:  -Djava.util.logging.config.file=d:\Work\JSP_Work\apache-tomcat-10.1.28/conf/logging.properties
20-Aug-2024 10:16:59.719 INFO [main] org.apache.catalina.startup.VersionLoggerListener.log 명령 행 아규먼트:  -Djava.util.logging.manager=org.apache.juli.ClassLoaderLogManager
20-Aug-2024 10:16:59.719 INFO [main] org.apache.catalina.startup.VersionLoggerListener.log 명령 행 아규먼트:  -Djdk.tls.ephemeralDHKeySize=2048
20-Aug-2024 10:16:59.719 INFO [main] org.apache.catalina.startup.VersionLoggerListener.log 명령 행 아규먼트:  -Djava.protocol.handler.pkgs=org.apache.catalina.webresources
20-Aug-2024 10:16:59.719 INFO [main] org.apache.catalina.startup.VersionLoggerListener.log 명령 행 아규먼트:  -Dorg.apache.catalina.security.SecurityListener.UMASK=0027
20-Aug-2024 10:16:59.719 INFO [main] org.apache.catalina.startup.VersionLoggerListener.log 명령 행 아규먼트:  -Dcatalina.base=d:\Work\JSP_Work\apache-tomcat-10.1.28
20-Aug-2024 10:16:59.719 INFO [main] org.apache.catalina.startup.VersionLoggerListener.log 명령 행 아규먼트:  -Dcatalina.home=d:\Work\JSP_Work\apache-tomcat-10.1.28
20-Aug-2024 10:16:59.720 INFO [main] org.apache.catalina.startup.VersionLoggerListener.log 명령 행 아규먼트:  -Djava.io.tmpdir=d:\Work\JSP_Work\apache-tomcat-10.1.28/temp
20-Aug-2024 10:16:59.741 INFO [main] org.apache.catalina.core.AprLifecycleListener.lifecycleEvent 프로덕션 환경들에서 최적의 성능을 제공하는, APR 기반 Apache Tomcat Native 라이브러리가, 다음 java.library.path에서 발견되지 않습니다: [C:\Program Files\Java\jdk-13.0.2\bin;C:\WINDOWS\Sun\Java\bin;C:\WINDOWS\system32;C:\WINDOWS;C:\Python312\Scripts\;C:\Python312\;C:\Program Files\Common Files\Oracle\Java\javapath;C:\Program Files\Java\jdk-17\bin;C:\Program Files (x86)\Common Files\Intel\Shared Libraries\redist\intel64\compiler;C:\WINDOWS\system32;C:\WINDOWS;C:\WINDOWS\System32\Wbem;C:\WINDOWS\System32\WindowsPowerShell\v1.0\;C:\WINDOWS\System32\OpenSSH\;C:\Program Files\Common Files\Autodesk Shared\;c:\Program Files (x86)\Microsoft SQL Server\100\Tools\Binn\;c:\Program Files\Microsoft SQL Server\100\Tools\Binn\;c:\Program Files\Microsoft SQL Server\100\DTS\Binn\;C:\Program Files\Microsoft SQL Server\120\Tools\Binn\;C:\Program Files\dotnet\;C:\Program Files\Git\cmd;C:\Program Files\Docker\Docker\resources\bin;C:\Program Files\nodejs\;C:\ProgramData\chocolatey\bin;C:\Program Files\MySQL\MySQL Shell 8.0\bin\;C:\Users\user\AppData\Local\Microsoft\WindowsApps;C:\Program Files\Bandizip\;;C:\Users\user\AppData\Local\Programs\Microsoft VS Code\bin;C:\Program Files\JetBrains\IntelliJ IDEA Community Edition 2024.1.4\bin;;C:\Users\user\AppData\Local\Microsoft\WinGet\Packages\Schniz.fnm_Microsoft.Winget.Source_8wekyb3d8bbwe;C:\Users\user\AppData\Roaming\npm;.]
20-Aug-2024 10:17:00.079 INFO [main] org.apache.coyote.AbstractProtocol.init 프로토콜 핸들러 ["http-nio-80"]을(를) 초기화합니다.
20-Aug-2024 10:17:00.132 INFO [main] org.apache.catalina.startup.Catalina.load [701] 밀리초 내에 서버가 초기화되었습니다.
20-Aug-2024 10:17:00.205 INFO [main] org.apache.catalina.core.StandardService.startInternal 서비스 [Catalina]을(를) 시작합니다.
20-Aug-2024 10:17:00.205 INFO [main] org.apache.catalina.core.StandardEngine.startInternal 서버 엔진을 시작합니다: [Apache Tomcat/10.1.28]
20-Aug-2024 10:17:00.222 INFO [main] org.apache.catalina.startup.HostConfig.deployDirectory 웹 애플리케이션 디렉토리 [D:\Work\JSP_Work\apache-tomcat-10.1.28\webapps\docs]을(를) 배치합니다.
20-Aug-2024 10:17:00.751 INFO [main] org.apache.jasper.servlet.TldScanner.scanJars 적어도 하나의 JAR가 TLD들을 찾기 위해 스캔되었으나 아무 것도 찾지 못했습니다. 스캔했으나 TLD가 없는 JAR들의 전체 목록을 보시려면, 로그 레벨을 디버그 레벨로 설정하십시오. 스캔 과정에서 불필요한 JAR들을 건너뛰면, 시스템 시작 시간과 JSP 컴파일 시간을 단축시킬 수 있습니다.
20-Aug-2024 10:17:00.916 INFO [main] org.apache.catalina.startup.HostConfig.deployDirectory 웹 애플리케이션 디렉토리 [D:\Work\JSP_Work\apache-tomcat-10.1.28\webapps\docs]에 대한 배치가 [692] 밀리초에 완료되었습니다.
20-Aug-2024 10:17:00.917 INFO [main] org.apache.catalina.startup.HostConfig.deployDirectory 웹 애플리케이션 디렉토리 [D:\Work\JSP_Work\apache-tomcat-10.1.28\webapps\examples]을(를) 배치합니다.
20-Aug-2024 10:17:01.359 INFO [main] org.apache.jasper.servlet.TldScanner.scanJars 적어도 하나의 JAR가 TLD들을 찾기 위해 스캔되었으나 아무 것도 찾지 못했습니다. 스캔했으나 TLD가 없는 JAR들의 전체 목록을 보시려면, 로그 레벨을 디버그 레벨로 설정하십시오. 스캔 과정에서 불필요한 JAR들을 건너뛰면, 시스템 시작 시간과 JSP 컴파일 시간을 단축시킬 수 있습니다.
20-Aug-2024 10:17:01.442 INFO [main] org.apache.catalina.startup.HostConfig.deployDirectory 웹 애플리케이션 디렉토리 [D:\Work\JSP_Work\apache-tomcat-10.1.28\webapps\examples]에 대한 배치가 [526] 밀리초에 완료되었습니다.
20-Aug-2024 10:17:01.442 INFO [main] org.apache.catalina.startup.HostConfig.deployDirectory 웹 애플리케이션 디렉토리 [D:\Work\JSP_Work\apache-tomcat-10.1.28\webapps\host-manager]을(를) 배치합니다.
20-Aug-2024 10:17:01.504 INFO [main] org.apache.jasper.servlet.TldScanner.scanJars 적어도 하나의 JAR가 TLD들을 찾기 위해 스캔되었으나 아무 것도 찾지 못했습니다. 스캔했으나 TLD가 없는 JAR들의 전체 목록을 보시려면, 로그 레벨을 디버그 레벨로 설정하십시오. 스캔 과정에서 불필요한 JAR들을 건너뛰면, 시스템 시작 시간과 JSP 컴파일 시간을 단축시킬 수 있습니다.
20-Aug-2024 10:17:01.521 INFO [main] org.apache.catalina.startup.HostConfig.deployDirectory 웹 애플리케이션 디렉토리 [D:\Work\JSP_Work\apache-tomcat-10.1.28\webapps\host-manager]에 대한 배치가 [79] 밀리초에 완료되었습니다.
20-Aug-2024 10:17:01.523 INFO [main] org.apache.catalina.startup.HostConfig.deployDirectory 웹 애플리케이션 디렉토리 [D:\Work\JSP_Work\apache-tomcat-10.1.28\webapps\manager]을(를) 배치합니다.
20-Aug-2024 10:17:01.585 INFO [main] org.apache.jasper.servlet.TldScanner.scanJars 적어도 하나의 JAR가 TLD들을 찾기 위해 스캔되었으나 아무 것도 찾지 못했습니다. 스캔했으나 TLD가 없는 JAR들의 전체 목록을 보시려면, 로그 레벨을 디버그 레벨로 설정하십시오. 스캔 과정에서 불필요한 JAR들을 건너뛰면, 시스템 시작 시간과 JSP 컴파일 시간을 단축시킬 수 있습니다.
20-Aug-2024 10:17:01.589 INFO [main] org.apache.catalina.startup.HostConfig.deployDirectory 웹 애플리케이션 디렉토리 [D:\Work\JSP_Work\apache-tomcat-10.1.28\webapps\manager]에 대한 배치가 [67] 밀리초에 완료되었습니다.
20-Aug-2024 10:17:01.590 INFO [main] org.apache.catalina.startup.HostConfig.deployDirectory 웹 애플리케이션 디렉토리 [D:\Work\JSP_Work\apache-tomcat-10.1.28\webapps\ROOT]을(를) 배치합니다.
20-Aug-2024 10:17:01.644 INFO [main] org.apache.jasper.servlet.TldScanner.scanJars 적어도 하나의 JAR가 TLD들을 찾기 위해 스캔되었으나 아무 것도 찾지 못했습니다. 스캔했으나 TLD가 없는 JAR들의 전체 목록을 보시려면, 로그 레벨을 디버그 레벨로 설정하십시오. 스캔 과정에서 불필요한 JAR들을 건너뛰면, 시스템 시작 시간과 JSP 컴파일 시간을 단축시킬 수 있습니다.
20-Aug-2024 10:17:01.654 INFO [main] org.apache.catalina.startup.HostConfig.deployDirectory 웹 애플리케이션 디렉토리 [D:\Work\JSP_Work\apache-tomcat-10.1.28\webapps\ROOT]에 대한 배치가 [64] 밀리초에 완료되었습니다.
20-Aug-2024 10:17:01.673 INFO [main] org.apache.coyote.AbstractProtocol.start 프로토콜 핸들러 ["http-nio-80"]을(를) 시작합니다.
20-Aug-2024 10:17:01.872 INFO [main] org.apache.catalina.startup.Catalina.start 서버가 [1739] 밀리초 내에 시작되었습니다.
20-Aug-2024 10:18:21.993 WARNING [main] org.apache.tomcat.util.digester.Digester.endElement [Server/Service/Context]와(과) 부합하는 rule들을 찾을 수 없습니다.
20-Aug-2024 10:18:22.057 INFO [main] org.apache.catalina.startup.VersionLoggerListener.log 서버 버전 이름:    Apache Tomcat/10.1.28
20-Aug-2024 10:18:22.058 INFO [main] org.apache.catalina.startup.VersionLoggerListener.log Server 빌드 시각:  Aug 2 2024 15:14:43 UTC
20-Aug-2024 10:18:22.058 INFO [main] org.apache.catalina.startup.VersionLoggerListener.log Server 버전 번호:  10.1.28.0
20-Aug-2024 10:18:22.058 INFO [main] org.apache.catalina.startup.VersionLoggerListener.log 운영체제 이름:     Windows 10
20-Aug-2024 10:18:22.058 INFO [main] org.apache.catalina.startup.VersionLoggerListener.log 운영체제 버전:     10.0
20-Aug-2024 10:18:22.058 INFO [main] org.apache.catalina.startup.VersionLoggerListener.log 아키텍처:          amd64
20-Aug-2024 10:18:22.058 INFO [main] org.apache.catalina.startup.VersionLoggerListener.log 자바 홈:           C:\Program Files\Java\jdk-13.0.2
20-Aug-2024 10:18:22.058 INFO [main] org.apache.catalina.startup.VersionLoggerListener.log JVM 버전:          13.0.2+8
20-Aug-2024 10:18:22.059 INFO [main] org.apache.catalina.startup.VersionLoggerListener.log JVM 벤더:          Oracle Corporation
20-Aug-2024 10:18:22.059 INFO [main] org.apache.catalina.startup.VersionLoggerListener.log CATALINA_BASE:     D:\Work\JSP_Work\apache-tomcat-10.1.28
20-Aug-2024 10:18:22.059 INFO [main] org.apache.catalina.startup.VersionLoggerListener.log CATALINA_HOME:     D:\Work\JSP_Work\apache-tomcat-10.1.28
20-Aug-2024 10:18:22.060 INFO [main] org.apache.catalina.startup.VersionLoggerListener.log 명령 행 아규먼트:  -Djava.util.logging.config.file=d:\Work\JSP_Work\apache-tomcat-10.1.28/conf/logging.properties
20-Aug-2024 10:18:22.060 INFO [main] org.apache.catalina.startup.VersionLoggerListener.log 명령 행 아규먼트:  -Djava.util.logging.manager=org.apache.juli.ClassLoaderLogManager
20-Aug-2024 10:18:22.060 INFO [main] org.apache.catalina.startup.VersionLoggerListener.log 명령 행 아규먼트:  -Djdk.tls.ephemeralDHKeySize=2048
20-Aug-2024 10:18:22.060 INFO [main] org.apache.catalina.startup.VersionLoggerListener.log 명령 행 아규먼트:  -Djava.protocol.handler.pkgs=org.apache.catalina.webresources
20-Aug-2024 10:18:22.060 INFO [main] org.apache.catalina.startup.VersionLoggerListener.log 명령 행 아규먼트:  -Dorg.apache.catalina.security.SecurityListener.UMASK=0027
20-Aug-2024 10:18:22.060 INFO [main] org.apache.catalina.startup.VersionLoggerListener.log 명령 행 아규먼트:  -Dcatalina.base=d:\Work\JSP_Work\apache-tomcat-10.1.28
20-Aug-2024 10:18:22.060 INFO [main] org.apache.catalina.startup.VersionLoggerListener.log 명령 행 아규먼트:  -Dcatalina.home=d:\Work\JSP_Work\apache-tomcat-10.1.28
20-Aug-2024 10:18:22.061 INFO [main] org.apache.catalina.startup.VersionLoggerListener.log 명령 행 아규먼트:  -Djava.io.tmpdir=d:\Work\JSP_Work\apache-tomcat-10.1.28/temp
20-Aug-2024 10:18:22.085 INFO [main] org.apache.catalina.core.AprLifecycleListener.lifecycleEvent 프로덕션 환경들에서 최적의 성능을 제공하는, APR 기반 Apache Tomcat Native 라이브러리가, 다음 java.library.path에서 발견되지 않습니다: [C:\Program Files\Java\jdk-13.0.2\bin;C:\WINDOWS\Sun\Java\bin;C:\WINDOWS\system32;C:\WINDOWS;C:\Python312\Scripts\;C:\Python312\;C:\Program Files\Common Files\Oracle\Java\javapath;C:\Program Files\Java\jdk-17\bin;C:\Program Files (x86)\Common Files\Intel\Shared Libraries\redist\intel64\compiler;C:\WINDOWS\system32;C:\WINDOWS;C:\WINDOWS\System32\Wbem;C:\WINDOWS\System32\WindowsPowerShell\v1.0\;C:\WINDOWS\System32\OpenSSH\;C:\Program Files\Common Files\Autodesk Shared\;c:\Program Files (x86)\Microsoft SQL Server\100\Tools\Binn\;c:\Program Files\Microsoft SQL Server\100\Tools\Binn\;c:\Program Files\Microsoft SQL Server\100\DTS\Binn\;C:\Program Files\Microsoft SQL Server\120\Tools\Binn\;C:\Program Files\dotnet\;C:\Program Files\Git\cmd;C:\Program Files\Docker\Docker\resources\bin;C:\Program Files\nodejs\;C:\ProgramData\chocolatey\bin;C:\Program Files\MySQL\MySQL Shell 8.0\bin\;C:\Users\user\AppData\Local\Microsoft\WindowsApps;C:\Program Files\Bandizip\;;C:\Users\user\AppData\Local\Programs\Microsoft VS Code\bin;C:\Program Files\JetBrains\IntelliJ IDEA Community Edition 2024.1.4\bin;;C:\Users\user\AppData\Local\Microsoft\WinGet\Packages\Schniz.fnm_Microsoft.Winget.Source_8wekyb3d8bbwe;C:\Users\user\AppData\Roaming\npm;.]
20-Aug-2024 10:18:22.436 INFO [main] org.apache.coyote.AbstractProtocol.init 프로토콜 핸들러 ["http-nio-80"]을(를) 초기화합니다.
20-Aug-2024 10:18:22.482 INFO [main] org.apache.catalina.startup.Catalina.load [725] 밀리초 내에 서버가 초기화되었습니다.
20-Aug-2024 10:18:22.549 INFO [main] org.apache.catalina.core.StandardService.startInternal 서비스 [Catalina]을(를) 시작합니다.
20-Aug-2024 10:18:22.550 INFO [main] org.apache.catalina.core.StandardEngine.startInternal 서버 엔진을 시작합니다: [Apache Tomcat/10.1.28]
20-Aug-2024 10:18:22.570 INFO [main] org.apache.catalina.startup.HostConfig.deployDirectory 웹 애플리케이션 디렉토리 [D:\Work\JSP_Work\apache-tomcat-10.1.28\webapps\docs]을(를) 배치합니다.
20-Aug-2024 10:18:22.960 INFO [main] org.apache.jasper.servlet.TldScanner.scanJars 적어도 하나의 JAR가 TLD들을 찾기 위해 스캔되었으나 아무 것도 찾지 못했습니다. 스캔했으나 TLD가 없는 JAR들의 전체 목록을 보시려면, 로그 레벨을 디버그 레벨로 설정하십시오. 스캔 과정에서 불필요한 JAR들을 건너뛰면, 시스템 시작 시간과 JSP 컴파일 시간을 단축시킬 수 있습니다.
20-Aug-2024 10:18:23.124 INFO [main] org.apache.catalina.startup.HostConfig.deployDirectory 웹 애플리케이션 디렉토리 [D:\Work\JSP_Work\apache-tomcat-10.1.28\webapps\docs]에 대한 배치가 [552] 밀리초에 완료되었습니다.
20-Aug-2024 10:18:23.125 INFO [main] org.apache.catalina.startup.HostConfig.deployDirectory 웹 애플리케이션 디렉토리 [D:\Work\JSP_Work\apache-tomcat-10.1.28\webapps\examples]을(를) 배치합니다.
20-Aug-2024 10:18:23.516 INFO [main] org.apache.jasper.servlet.TldScanner.scanJars 적어도 하나의 JAR가 TLD들을 찾기 위해 스캔되었으나 아무 것도 찾지 못했습니다. 스캔했으나 TLD가 없는 JAR들의 전체 목록을 보시려면, 로그 레벨을 디버그 레벨로 설정하십시오. 스캔 과정에서 불필요한 JAR들을 건너뛰면, 시스템 시작 시간과 JSP 컴파일 시간을 단축시킬 수 있습니다.
20-Aug-2024 10:18:23.617 INFO [main] org.apache.catalina.startup.HostConfig.deployDirectory 웹 애플리케이션 디렉토리 [D:\Work\JSP_Work\apache-tomcat-10.1.28\webapps\examples]에 대한 배치가 [491] 밀리초에 완료되었습니다.
20-Aug-2024 10:18:23.617 INFO [main] org.apache.catalina.startup.HostConfig.deployDirectory 웹 애플리케이션 디렉토리 [D:\Work\JSP_Work\apache-tomcat-10.1.28\webapps\host-manager]을(를) 배치합니다.
20-Aug-2024 10:18:23.700 INFO [main] org.apache.jasper.servlet.TldScanner.scanJars 적어도 하나의 JAR가 TLD들을 찾기 위해 스캔되었으나 아무 것도 찾지 못했습니다. 스캔했으나 TLD가 없는 JAR들의 전체 목록을 보시려면, 로그 레벨을 디버그 레벨로 설정하십시오. 스캔 과정에서 불필요한 JAR들을 건너뛰면, 시스템 시작 시간과 JSP 컴파일 시간을 단축시킬 수 있습니다.
20-Aug-2024 10:18:23.714 INFO [main] org.apache.catalina.startup.HostConfig.deployDirectory 웹 애플리케이션 디렉토리 [D:\Work\JSP_Work\apache-tomcat-10.1.28\webapps\host-manager]에 대한 배치가 [96] 밀리초에 완료되었습니다.
20-Aug-2024 10:18:23.714 INFO [main] org.apache.catalina.startup.HostConfig.deployDirectory 웹 애플리케이션 디렉토리 [D:\Work\JSP_Work\apache-tomcat-10.1.28\webapps\manager]을(를) 배치합니다.
20-Aug-2024 10:18:23.840 INFO [main] org.apache.jasper.servlet.TldScanner.scanJars 적어도 하나의 JAR가 TLD들을 찾기 위해 스캔되었으나 아무 것도 찾지 못했습니다. 스캔했으나 TLD가 없는 JAR들의 전체 목록을 보시려면, 로그 레벨을 디버그 레벨로 설정하십시오. 스캔 과정에서 불필요한 JAR들을 건너뛰면, 시스템 시작 시간과 JSP 컴파일 시간을 단축시킬 수 있습니다.
20-Aug-2024 10:18:23.844 INFO [main] org.apache.catalina.startup.HostConfig.deployDirectory 웹 애플리케이션 디렉토리 [D:\Work\JSP_Work\apache-tomcat-10.1.28\webapps\manager]에 대한 배치가 [129] 밀리초에 완료되었습니다.
20-Aug-2024 10:18:23.844 INFO [main] org.apache.catalina.startup.HostConfig.deployDirectory 웹 애플리케이션 디렉토리 [D:\Work\JSP_Work\apache-tomcat-10.1.28\webapps\ROOT]을(를) 배치합니다.
20-Aug-2024 10:18:23.894 INFO [main] org.apache.jasper.servlet.TldScanner.scanJars 적어도 하나의 JAR가 TLD들을 찾기 위해 스캔되었으나 아무 것도 찾지 못했습니다. 스캔했으나 TLD가 없는 JAR들의 전체 목록을 보시려면, 로그 레벨을 디버그 레벨로 설정하십시오. 스캔 과정에서 불필요한 JAR들을 건너뛰면, 시스템 시작 시간과 JSP 컴파일 시간을 단축시킬 수 있습니다.
20-Aug-2024 10:18:23.897 INFO [main] org.apache.catalina.startup.HostConfig.deployDirectory 웹 애플리케이션 디렉토리 [D:\Work\JSP_Work\apache-tomcat-10.1.28\webapps\ROOT]에 대한 배치가 [53] 밀리초에 완료되었습니다.
20-Aug-2024 10:18:23.907 INFO [main] org.apache.coyote.AbstractProtocol.start 프로토콜 핸들러 ["http-nio-80"]을(를) 시작합니다.
20-Aug-2024 10:18:24.086 INFO [main] org.apache.catalina.startup.Catalina.start 서버가 [1604] 밀리초 내에 시작되었습니다.
20-Aug-2024 10:19:11.413 WARNING [main] org.apache.tomcat.util.digester.Digester.endElement [Server/Service/Context]와(과) 부합하는 rule들을 찾을 수 없습니다.
20-Aug-2024 10:19:11.497 INFO [main] org.apache.catalina.startup.VersionLoggerListener.log 서버 버전 이름:    Apache Tomcat/10.1.28
20-Aug-2024 10:19:11.498 INFO [main] org.apache.catalina.startup.VersionLoggerListener.log Server 빌드 시각:  Aug 2 2024 15:14:43 UTC
20-Aug-2024 10:19:11.498 INFO [main] org.apache.catalina.startup.VersionLoggerListener.log Server 버전 번호:  10.1.28.0
20-Aug-2024 10:19:11.498 INFO [main] org.apache.catalina.startup.VersionLoggerListener.log 운영체제 이름:     Windows 10
20-Aug-2024 10:19:11.498 INFO [main] org.apache.catalina.startup.VersionLoggerListener.log 운영체제 버전:     10.0
20-Aug-2024 10:19:11.498 INFO [main] org.apache.catalina.startup.VersionLoggerListener.log 아키텍처:          amd64
20-Aug-2024 10:19:11.498 INFO [main] org.apache.catalina.startup.VersionLoggerListener.log 자바 홈:           C:\Program Files\Java\jdk-13.0.2
20-Aug-2024 10:19:11.498 INFO [main] org.apache.catalina.startup.VersionLoggerListener.log JVM 버전:          13.0.2+8
20-Aug-2024 10:19:11.498 INFO [main] org.apache.catalina.startup.VersionLoggerListener.log JVM 벤더:          Oracle Corporation
20-Aug-2024 10:19:11.499 INFO [main] org.apache.catalina.startup.VersionLoggerListener.log CATALINA_BASE:     D:\Work\JSP_Work\apache-tomcat-10.1.28
20-Aug-2024 10:19:11.499 INFO [main] org.apache.catalina.startup.VersionLoggerListener.log CATALINA_HOME:     D:\Work\JSP_Work\apache-tomcat-10.1.28
20-Aug-2024 10:19:11.500 INFO [main] org.apache.catalina.startup.VersionLoggerListener.log 명령 행 아규먼트:  -Djava.util.logging.config.file=d:\Work\JSP_Work\apache-tomcat-10.1.28/conf/logging.properties
20-Aug-2024 10:19:11.501 INFO [main] org.apache.catalina.startup.VersionLoggerListener.log 명령 행 아규먼트:  -Djava.util.logging.manager=org.apache.juli.ClassLoaderLogManager
20-Aug-2024 10:19:11.501 INFO [main] org.apache.catalina.startup.VersionLoggerListener.log 명령 행 아규먼트:  -Djdk.tls.ephemeralDHKeySize=2048
20-Aug-2024 10:19:11.501 INFO [main] org.apache.catalina.startup.VersionLoggerListener.log 명령 행 아규먼트:  -Djava.protocol.handler.pkgs=org.apache.catalina.webresources
20-Aug-2024 10:19:11.501 INFO [main] org.apache.catalina.startup.VersionLoggerListener.log 명령 행 아규먼트:  -Dorg.apache.catalina.security.SecurityListener.UMASK=0027
20-Aug-2024 10:19:11.501 INFO [main] org.apache.catalina.startup.VersionLoggerListener.log 명령 행 아규먼트:  -Dcatalina.base=d:\Work\JSP_Work\apache-tomcat-10.1.28
20-Aug-2024 10:19:11.502 INFO [main] org.apache.catalina.startup.VersionLoggerListener.log 명령 행 아규먼트:  -Dcatalina.home=d:\Work\JSP_Work\apache-tomcat-10.1.28
20-Aug-2024 10:19:11.502 INFO [main] org.apache.catalina.startup.VersionLoggerListener.log 명령 행 아규먼트:  -Djava.io.tmpdir=d:\Work\JSP_Work\apache-tomcat-10.1.28/temp
20-Aug-2024 10:19:11.534 INFO [main] org.apache.catalina.core.AprLifecycleListener.lifecycleEvent 프로덕션 환경들에서 최적의 성능을 제공하는, APR 기반 Apache Tomcat Native 라이브러리가, 다음 java.library.path에서 발견되지 않습니다: [C:\Program Files\Java\jdk-13.0.2\bin;C:\WINDOWS\Sun\Java\bin;C:\WINDOWS\system32;C:\WINDOWS;C:\Python312\Scripts\;C:\Python312\;C:\Program Files\Common Files\Oracle\Java\javapath;C:\Program Files\Java\jdk-17\bin;C:\Program Files (x86)\Common Files\Intel\Shared Libraries\redist\intel64\compiler;C:\WINDOWS\system32;C:\WINDOWS;C:\WINDOWS\System32\Wbem;C:\WINDOWS\System32\WindowsPowerShell\v1.0\;C:\WINDOWS\System32\OpenSSH\;C:\Program Files\Common Files\Autodesk Shared\;c:\Program Files (x86)\Microsoft SQL Server\100\Tools\Binn\;c:\Program Files\Microsoft SQL Server\100\Tools\Binn\;c:\Program Files\Microsoft SQL Server\100\DTS\Binn\;C:\Program Files\Microsoft SQL Server\120\Tools\Binn\;C:\Program Files\dotnet\;C:\Program Files\Git\cmd;C:\Program Files\Docker\Docker\resources\bin;C:\Program Files\nodejs\;C:\ProgramData\chocolatey\bin;C:\Program Files\MySQL\MySQL Shell 8.0\bin\;C:\Users\user\AppData\Local\Microsoft\WindowsApps;C:\Program Files\Bandizip\;;C:\Users\user\AppData\Local\Programs\Microsoft VS Code\bin;C:\Program Files\JetBrains\IntelliJ IDEA Community Edition 2024.1.4\bin;;C:\Users\user\AppData\Local\Microsoft\WinGet\Packages\Schniz.fnm_Microsoft.Winget.Source_8wekyb3d8bbwe;C:\Users\user\AppData\Roaming\npm;.]
20-Aug-2024 10:19:11.881 INFO [main] org.apache.coyote.AbstractProtocol.init 프로토콜 핸들러 ["http-nio-80"]을(를) 초기화합니다.
20-Aug-2024 10:19:11.933 INFO [main] org.apache.catalina.startup.Catalina.load [734] 밀리초 내에 서버가 초기화되었습니다.
20-Aug-2024 10:19:11.993 INFO [main] org.apache.catalina.core.StandardService.startInternal 서비스 [Catalina]을(를) 시작합니다.
20-Aug-2024 10:19:11.994 INFO [main] org.apache.catalina.core.StandardEngine.startInternal 서버 엔진을 시작합니다: [Apache Tomcat/10.1.28]
20-Aug-2024 10:19:12.012 INFO [main] org.apache.catalina.startup.HostConfig.deployDirectory 웹 애플리케이션 디렉토리 [D:\Work\JSP_Work\apache-tomcat-10.1.28\webapps\docs]을(를) 배치합니다.
20-Aug-2024 10:19:12.398 INFO [main] org.apache.jasper.servlet.TldScanner.scanJars 적어도 하나의 JAR가 TLD들을 찾기 위해 스캔되었으나 아무 것도 찾지 못했습니다. 스캔했으나 TLD가 없는 JAR들의 전체 목록을 보시려면, 로그 레벨을 디버그 레벨로 설정하십시오. 스캔 과정에서 불필요한 JAR들을 건너뛰면, 시스템 시작 시간과 JSP 컴파일 시간을 단축시킬 수 있습니다.
20-Aug-2024 10:19:12.563 INFO [main] org.apache.catalina.startup.HostConfig.deployDirectory 웹 애플리케이션 디렉토리 [D:\Work\JSP_Work\apache-tomcat-10.1.28\webapps\docs]에 대한 배치가 [550] 밀리초에 완료되었습니다.
20-Aug-2024 10:19:12.564 INFO [main] org.apache.catalina.startup.HostConfig.deployDirectory 웹 애플리케이션 디렉토리 [D:\Work\JSP_Work\apache-tomcat-10.1.28\webapps\examples]을(를) 배치합니다.
20-Aug-2024 10:19:12.958 INFO [main] org.apache.jasper.servlet.TldScanner.scanJars 적어도 하나의 JAR가 TLD들을 찾기 위해 스캔되었으나 아무 것도 찾지 못했습니다. 스캔했으나 TLD가 없는 JAR들의 전체 목록을 보시려면, 로그 레벨을 디버그 레벨로 설정하십시오. 스캔 과정에서 불필요한 JAR들을 건너뛰면, 시스템 시작 시간과 JSP 컴파일 시간을 단축시킬 수 있습니다.
20-Aug-2024 10:19:13.042 INFO [main] org.apache.catalina.startup.HostConfig.deployDirectory 웹 애플리케이션 디렉토리 [D:\Work\JSP_Work\apache-tomcat-10.1.28\webapps\examples]에 대한 배치가 [478] 밀리초에 완료되었습니다.
20-Aug-2024 10:19:13.043 INFO [main] org.apache.catalina.startup.HostConfig.deployDirectory 웹 애플리케이션 디렉토리 [D:\Work\JSP_Work\apache-tomcat-10.1.28\webapps\host-manager]을(를) 배치합니다.
20-Aug-2024 10:19:13.115 INFO [main] org.apache.jasper.servlet.TldScanner.scanJars 적어도 하나의 JAR가 TLD들을 찾기 위해 스캔되었으나 아무 것도 찾지 못했습니다. 스캔했으나 TLD가 없는 JAR들의 전체 목록을 보시려면, 로그 레벨을 디버그 레벨로 설정하십시오. 스캔 과정에서 불필요한 JAR들을 건너뛰면, 시스템 시작 시간과 JSP 컴파일 시간을 단축시킬 수 있습니다.
20-Aug-2024 10:19:13.130 INFO [main] org.apache.catalina.startup.HostConfig.deployDirectory 웹 애플리케이션 디렉토리 [D:\Work\JSP_Work\apache-tomcat-10.1.28\webapps\host-manager]에 대한 배치가 [87] 밀리초에 완료되었습니다.
20-Aug-2024 10:19:13.131 INFO [main] org.apache.catalina.startup.HostConfig.deployDirectory 웹 애플리케이션 디렉토리 [D:\Work\JSP_Work\apache-tomcat-10.1.28\webapps\manager]을(를) 배치합니다.
20-Aug-2024 10:19:13.201 INFO [main] org.apache.jasper.servlet.TldScanner.scanJars 적어도 하나의 JAR가 TLD들을 찾기 위해 스캔되었으나 아무 것도 찾지 못했습니다. 스캔했으나 TLD가 없는 JAR들의 전체 목록을 보시려면, 로그 레벨을 디버그 레벨로 설정하십시오. 스캔 과정에서 불필요한 JAR들을 건너뛰면, 시스템 시작 시간과 JSP 컴파일 시간을 단축시킬 수 있습니다.
20-Aug-2024 10:19:13.207 INFO [main] org.apache.catalina.startup.HostConfig.deployDirectory 웹 애플리케이션 디렉토리 [D:\Work\JSP_Work\apache-tomcat-10.1.28\webapps\manager]에 대한 배치가 [75] 밀리초에 완료되었습니다.
20-Aug-2024 10:19:13.207 INFO [main] org.apache.catalina.startup.HostConfig.deployDirectory 웹 애플리케이션 디렉토리 [D:\Work\JSP_Work\apache-tomcat-10.1.28\webapps\ROOT]을(를) 배치합니다.
20-Aug-2024 10:19:13.273 INFO [main] org.apache.jasper.servlet.TldScanner.scanJars 적어도 하나의 JAR가 TLD들을 찾기 위해 스캔되었으나 아무 것도 찾지 못했습니다. 스캔했으나 TLD가 없는 JAR들의 전체 목록을 보시려면, 로그 레벨을 디버그 레벨로 설정하십시오. 스캔 과정에서 불필요한 JAR들을 건너뛰면, 시스템 시작 시간과 JSP 컴파일 시간을 단축시킬 수 있습니다.
20-Aug-2024 10:19:13.278 INFO [main] org.apache.catalina.startup.HostConfig.deployDirectory 웹 애플리케이션 디렉토리 [D:\Work\JSP_Work\apache-tomcat-10.1.28\webapps\ROOT]에 대한 배치가 [71] 밀리초에 완료되었습니다.
20-Aug-2024 10:19:13.297 INFO [main] org.apache.coyote.AbstractProtocol.start 프로토콜 핸들러 ["http-nio-80"]을(를) 시작합니다.
20-Aug-2024 10:19:13.484 INFO [main] org.apache.catalina.startup.Catalina.start 서버가 [1551] 밀리초 내에 시작되었습니다.
20-Aug-2024 10:48:50.425 WARNING [main] org.apache.tomcat.util.digester.Digester.endElement [Server/Service/Context]와(과) 부합하는 rule들을 찾을 수 없습니다.
20-Aug-2024 10:48:50.487 INFO [main] org.apache.catalina.startup.VersionLoggerListener.log 서버 버전 이름:    Apache Tomcat/10.1.28
20-Aug-2024 10:48:50.487 INFO [main] org.apache.catalina.startup.VersionLoggerListener.log Server 빌드 시각:  Aug 2 2024 15:14:43 UTC
20-Aug-2024 10:48:50.487 INFO [main] org.apache.catalina.startup.VersionLoggerListener.log Server 버전 번호:  10.1.28.0
20-Aug-2024 10:48:50.487 INFO [main] org.apache.catalina.startup.VersionLoggerListener.log 운영체제 이름:     Windows 10
20-Aug-2024 10:48:50.487 INFO [main] org.apache.catalina.startup.VersionLoggerListener.log 운영체제 버전:     10.0
20-Aug-2024 10:48:50.488 INFO [main] org.apache.catalina.startup.VersionLoggerListener.log 아키텍처:          amd64
20-Aug-2024 10:48:50.488 INFO [main] org.apache.catalina.startup.VersionLoggerListener.log 자바 홈:           C:\Program Files\Java\jdk-13.0.2
20-Aug-2024 10:48:50.488 INFO [main] org.apache.catalina.startup.VersionLoggerListener.log JVM 버전:          13.0.2+8
20-Aug-2024 10:48:50.488 INFO [main] org.apache.catalina.startup.VersionLoggerListener.log JVM 벤더:          Oracle Corporation
20-Aug-2024 10:48:50.488 INFO [main] org.apache.catalina.startup.VersionLoggerListener.log CATALINA_BASE:     D:\Work\JSP_Work\apache-tomcat-10.1.28
20-Aug-2024 10:48:50.488 INFO [main] org.apache.catalina.startup.VersionLoggerListener.log CATALINA_HOME:     D:\Work\JSP_Work\apache-tomcat-10.1.28
20-Aug-2024 10:48:50.489 INFO [main] org.apache.catalina.startup.VersionLoggerListener.log 명령 행 아규먼트:  -Djava.util.logging.config.file=d:\Work\JSP_Work\apache-tomcat-10.1.28/conf/logging.properties
20-Aug-2024 10:48:50.489 INFO [main] org.apache.catalina.startup.VersionLoggerListener.log 명령 행 아규먼트:  -Djava.util.logging.manager=org.apache.juli.ClassLoaderLogManager
20-Aug-2024 10:48:50.489 INFO [main] org.apache.catalina.startup.VersionLoggerListener.log 명령 행 아규먼트:  -Djdk.tls.ephemeralDHKeySize=2048
20-Aug-2024 10:48:50.489 INFO [main] org.apache.catalina.startup.VersionLoggerListener.log 명령 행 아규먼트:  -Djava.protocol.handler.pkgs=org.apache.catalina.webresources
20-Aug-2024 10:48:50.489 INFO [main] org.apache.catalina.startup.VersionLoggerListener.log 명령 행 아규먼트:  -Dorg.apache.catalina.security.SecurityListener.UMASK=0027
20-Aug-2024 10:48:50.490 INFO [main] org.apache.catalina.startup.VersionLoggerListener.log 명령 행 아규먼트:  -Dcatalina.base=d:\Work\JSP_Work\apache-tomcat-10.1.28
20-Aug-2024 10:48:50.490 INFO [main] org.apache.catalina.startup.VersionLoggerListener.log 명령 행 아규먼트:  -Dcatalina.home=d:\Work\JSP_Work\apache-tomcat-10.1.28
20-Aug-2024 10:48:50.490 INFO [main] org.apache.catalina.startup.VersionLoggerListener.log 명령 행 아규먼트:  -Djava.io.tmpdir=d:\Work\JSP_Work\apache-tomcat-10.1.28/temp
20-Aug-2024 10:48:50.515 INFO [main] org.apache.catalina.core.AprLifecycleListener.lifecycleEvent 프로덕션 환경들에서 최적의 성능을 제공하는, APR 기반 Apache Tomcat Native 라이브러리가, 다음 java.library.path에서 발견되지 않습니다: [C:\Program Files\Java\jdk-13.0.2\bin;C:\WINDOWS\Sun\Java\bin;C:\WINDOWS\system32;C:\WINDOWS;C:\Python312\Scripts\;C:\Python312\;C:\Program Files\Common Files\Oracle\Java\javapath;C:\Program Files\Java\jdk-17\bin;C:\Program Files (x86)\Common Files\Intel\Shared Libraries\redist\intel64\compiler;C:\WINDOWS\system32;C:\WINDOWS;C:\WINDOWS\System32\Wbem;C:\WINDOWS\System32\WindowsPowerShell\v1.0\;C:\WINDOWS\System32\OpenSSH\;C:\Program Files\Common Files\Autodesk Shared\;c:\Program Files (x86)\Microsoft SQL Server\100\Tools\Binn\;c:\Program Files\Microsoft SQL Server\100\Tools\Binn\;c:\Program Files\Microsoft SQL Server\100\DTS\Binn\;C:\Program Files\Microsoft SQL Server\120\Tools\Binn\;C:\Program Files\dotnet\;C:\Program Files\Git\cmd;C:\Program Files\Docker\Docker\resources\bin;C:\Program Files\nodejs\;C:\ProgramData\chocolatey\bin;C:\Program Files\MySQL\MySQL Shell 8.0\bin\;C:\Users\user\AppData\Local\Microsoft\WindowsApps;C:\Program Files\Bandizip\;;C:\Users\user\AppData\Local\Programs\Microsoft VS Code\bin;C:\Program Files\JetBrains\IntelliJ IDEA Community Edition 2024.1.4\bin;;C:\Users\user\AppData\Local\Microsoft\WinGet\Packages\Schniz.fnm_Microsoft.Winget.Source_8wekyb3d8bbwe;C:\Users\user\AppData\Roaming\npm;.]
20-Aug-2024 10:48:50.840 INFO [main] org.apache.coyote.AbstractProtocol.init 프로토콜 핸들러 ["http-nio-80"]을(를) 초기화합니다.
20-Aug-2024 10:48:50.885 INFO [main] org.apache.catalina.startup.Catalina.load [669] 밀리초 내에 서버가 초기화되었습니다.
20-Aug-2024 10:48:50.951 INFO [main] org.apache.catalina.core.StandardService.startInternal 서비스 [Catalina]을(를) 시작합니다.
20-Aug-2024 10:48:50.951 INFO [main] org.apache.catalina.core.StandardEngine.startInternal 서버 엔진을 시작합니다: [Apache Tomcat/10.1.28]
20-Aug-2024 10:48:50.969 INFO [main] org.apache.catalina.startup.HostConfig.deployDirectory 웹 애플리케이션 디렉토리 [D:\Work\JSP_Work\apache-tomcat-10.1.28\webapps\docs]을(를) 배치합니다.
20-Aug-2024 10:48:51.341 INFO [main] org.apache.jasper.servlet.TldScanner.scanJars 적어도 하나의 JAR가 TLD들을 찾기 위해 스캔되었으나 아무 것도 찾지 못했습니다. 스캔했으나 TLD가 없는 JAR들의 전체 목록을 보시려면, 로그 레벨을 디버그 레벨로 설정하십시오. 스캔 과정에서 불필요한 JAR들을 건너뛰면, 시스템 시작 시간과 JSP 컴파일 시간을 단축시킬 수 있습니다.
20-Aug-2024 10:48:51.501 INFO [main] org.apache.catalina.startup.HostConfig.deployDirectory 웹 애플리케이션 디렉토리 [D:\Work\JSP_Work\apache-tomcat-10.1.28\webapps\docs]에 대한 배치가 [530] 밀리초에 완료되었습니다.
20-Aug-2024 10:48:51.501 INFO [main] org.apache.catalina.startup.HostConfig.deployDirectory 웹 애플리케이션 디렉토리 [D:\Work\JSP_Work\apache-tomcat-10.1.28\webapps\examples]을(를) 배치합니다.
20-Aug-2024 10:48:52.163 INFO [main] org.apache.jasper.servlet.TldScanner.scanJars 적어도 하나의 JAR가 TLD들을 찾기 위해 스캔되었으나 아무 것도 찾지 못했습니다. 스캔했으나 TLD가 없는 JAR들의 전체 목록을 보시려면, 로그 레벨을 디버그 레벨로 설정하십시오. 스캔 과정에서 불필요한 JAR들을 건너뛰면, 시스템 시작 시간과 JSP 컴파일 시간을 단축시킬 수 있습니다.
20-Aug-2024 10:48:52.248 INFO [main] org.apache.catalina.startup.HostConfig.deployDirectory 웹 애플리케이션 디렉토리 [D:\Work\JSP_Work\apache-tomcat-10.1.28\webapps\examples]에 대한 배치가 [747] 밀리초에 완료되었습니다.
20-Aug-2024 10:48:52.248 INFO [main] org.apache.catalina.startup.HostConfig.deployDirectory 웹 애플리케이션 디렉토리 [D:\Work\JSP_Work\apache-tomcat-10.1.28\webapps\host-manager]을(를) 배치합니다.
20-Aug-2024 10:48:52.331 INFO [main] org.apache.jasper.servlet.TldScanner.scanJars 적어도 하나의 JAR가 TLD들을 찾기 위해 스캔되었으나 아무 것도 찾지 못했습니다. 스캔했으나 TLD가 없는 JAR들의 전체 목록을 보시려면, 로그 레벨을 디버그 레벨로 설정하십시오. 스캔 과정에서 불필요한 JAR들을 건너뛰면, 시스템 시작 시간과 JSP 컴파일 시간을 단축시킬 수 있습니다.
20-Aug-2024 10:48:52.356 INFO [main] org.apache.catalina.startup.HostConfig.deployDirectory 웹 애플리케이션 디렉토리 [D:\Work\JSP_Work\apache-tomcat-10.1.28\webapps\host-manager]에 대한 배치가 [108] 밀리초에 완료되었습니다.
20-Aug-2024 10:48:52.356 INFO [main] org.apache.catalina.startup.HostConfig.deployDirectory 웹 애플리케이션 디렉토리 [D:\Work\JSP_Work\apache-tomcat-10.1.28\webapps\manager]을(를) 배치합니다.
20-Aug-2024 10:48:52.423 INFO [main] org.apache.jasper.servlet.TldScanner.scanJars 적어도 하나의 JAR가 TLD들을 찾기 위해 스캔되었으나 아무 것도 찾지 못했습니다. 스캔했으나 TLD가 없는 JAR들의 전체 목록을 보시려면, 로그 레벨을 디버그 레벨로 설정하십시오. 스캔 과정에서 불필요한 JAR들을 건너뛰면, 시스템 시작 시간과 JSP 컴파일 시간을 단축시킬 수 있습니다.
20-Aug-2024 10:48:52.428 INFO [main] org.apache.catalina.startup.HostConfig.deployDirectory 웹 애플리케이션 디렉토리 [D:\Work\JSP_Work\apache-tomcat-10.1.28\webapps\manager]에 대한 배치가 [72] 밀리초에 완료되었습니다.
20-Aug-2024 10:48:52.430 INFO [main] org.apache.catalina.startup.HostConfig.deployDirectory 웹 애플리케이션 디렉토리 [D:\Work\JSP_Work\apache-tomcat-10.1.28\webapps\ROOT]을(를) 배치합니다.
20-Aug-2024 10:48:52.483 INFO [main] org.apache.jasper.servlet.TldScanner.scanJars 적어도 하나의 JAR가 TLD들을 찾기 위해 스캔되었으나 아무 것도 찾지 못했습니다. 스캔했으나 TLD가 없는 JAR들의 전체 목록을 보시려면, 로그 레벨을 디버그 레벨로 설정하십시오. 스캔 과정에서 불필요한 JAR들을 건너뛰면, 시스템 시작 시간과 JSP 컴파일 시간을 단축시킬 수 있습니다.
20-Aug-2024 10:48:52.487 INFO [main] org.apache.catalina.startup.HostConfig.deployDirectory 웹 애플리케이션 디렉토리 [D:\Work\JSP_Work\apache-tomcat-10.1.28\webapps\ROOT]에 대한 배치가 [58] 밀리초에 완료되었습니다.
20-Aug-2024 10:48:52.499 INFO [main] org.apache.coyote.AbstractProtocol.start 프로토콜 핸들러 ["http-nio-80"]을(를) 시작합니다.
20-Aug-2024 10:48:52.670 INFO [main] org.apache.catalina.startup.Catalina.start 서버가 [1785] 밀리초 내에 시작되었습니다.
20-Aug-2024 10:49:25.615 WARNING [main] org.apache.tomcat.util.digester.Digester.endElement [Server/Service/Context]와(과) 부합하는 rule들을 찾을 수 없습니다.
20-Aug-2024 10:49:25.690 INFO [main] org.apache.catalina.startup.VersionLoggerListener.log 서버 버전 이름:    Apache Tomcat/10.1.28
20-Aug-2024 10:49:25.691 INFO [main] org.apache.catalina.startup.VersionLoggerListener.log Server 빌드 시각:  Aug 2 2024 15:14:43 UTC
20-Aug-2024 10:49:25.691 INFO [main] org.apache.catalina.startup.VersionLoggerListener.log Server 버전 번호:  10.1.28.0
20-Aug-2024 10:49:25.691 INFO [main] org.apache.catalina.startup.VersionLoggerListener.log 운영체제 이름:     Windows 10
20-Aug-2024 10:49:25.691 INFO [main] org.apache.catalina.startup.VersionLoggerListener.log 운영체제 버전:     10.0
20-Aug-2024 10:49:25.692 INFO [main] org.apache.catalina.startup.VersionLoggerListener.log 아키텍처:          amd64
20-Aug-2024 10:49:25.692 INFO [main] org.apache.catalina.startup.VersionLoggerListener.log 자바 홈:           C:\Program Files\Java\jdk-13.0.2
20-Aug-2024 10:49:25.692 INFO [main] org.apache.catalina.startup.VersionLoggerListener.log JVM 버전:          13.0.2+8
20-Aug-2024 10:49:25.692 INFO [main] org.apache.catalina.startup.VersionLoggerListener.log JVM 벤더:          Oracle Corporation
20-Aug-2024 10:49:25.692 INFO [main] org.apache.catalina.startup.VersionLoggerListener.log CATALINA_BASE:     D:\Work\JSP_Work\apache-tomcat-10.1.28
20-Aug-2024 10:49:25.692 INFO [main] org.apache.catalina.startup.VersionLoggerListener.log CATALINA_HOME:     D:\Work\JSP_Work\apache-tomcat-10.1.28
20-Aug-2024 10:49:25.693 INFO [main] org.apache.catalina.startup.VersionLoggerListener.log 명령 행 아규먼트:  -Djava.util.logging.config.file=d:\Work\JSP_Work\apache-tomcat-10.1.28/conf/logging.properties
20-Aug-2024 10:49:25.693 INFO [main] org.apache.catalina.startup.VersionLoggerListener.log 명령 행 아규먼트:  -Djava.util.logging.manager=org.apache.juli.ClassLoaderLogManager
20-Aug-2024 10:49:25.694 INFO [main] org.apache.catalina.startup.VersionLoggerListener.log 명령 행 아규먼트:  -Djdk.tls.ephemeralDHKeySize=2048
20-Aug-2024 10:49:25.696 INFO [main] org.apache.catalina.startup.VersionLoggerListener.log 명령 행 아규먼트:  -Djava.protocol.handler.pkgs=org.apache.catalina.webresources
20-Aug-2024 10:49:25.697 INFO [main] org.apache.catalina.startup.VersionLoggerListener.log 명령 행 아규먼트:  -Dorg.apache.catalina.security.SecurityListener.UMASK=0027
20-Aug-2024 10:49:25.699 INFO [main] org.apache.catalina.startup.VersionLoggerListener.log 명령 행 아규먼트:  -Dcatalina.base=d:\Work\JSP_Work\apache-tomcat-10.1.28
20-Aug-2024 10:49:25.699 INFO [main] org.apache.catalina.startup.VersionLoggerListener.log 명령 행 아규먼트:  -Dcatalina.home=d:\Work\JSP_Work\apache-tomcat-10.1.28
20-Aug-2024 10:49:25.699 INFO [main] org.apache.catalina.startup.VersionLoggerListener.log 명령 행 아규먼트:  -Djava.io.tmpdir=d:\Work\JSP_Work\apache-tomcat-10.1.28/temp
20-Aug-2024 10:49:25.719 INFO [main] org.apache.catalina.core.AprLifecycleListener.lifecycleEvent 프로덕션 환경들에서 최적의 성능을 제공하는, APR 기반 Apache Tomcat Native 라이브러리가, 다음 java.library.path에서 발견되지 않습니다: [C:\Program Files\Java\jdk-13.0.2\bin;C:\WINDOWS\Sun\Java\bin;C:\WINDOWS\system32;C:\WINDOWS;C:\Python312\Scripts\;C:\Python312\;C:\Program Files\Common Files\Oracle\Java\javapath;C:\Program Files\Java\jdk-17\bin;C:\Program Files (x86)\Common Files\Intel\Shared Libraries\redist\intel64\compiler;C:\WINDOWS\system32;C:\WINDOWS;C:\WINDOWS\System32\Wbem;C:\WINDOWS\System32\WindowsPowerShell\v1.0\;C:\WINDOWS\System32\OpenSSH\;C:\Program Files\Common Files\Autodesk Shared\;c:\Program Files (x86)\Microsoft SQL Server\100\Tools\Binn\;c:\Program Files\Microsoft SQL Server\100\Tools\Binn\;c:\Program Files\Microsoft SQL Server\100\DTS\Binn\;C:\Program Files\Microsoft SQL Server\120\Tools\Binn\;C:\Program Files\dotnet\;C:\Program Files\Git\cmd;C:\Program Files\Docker\Docker\resources\bin;C:\Program Files\nodejs\;C:\ProgramData\chocolatey\bin;C:\Program Files\MySQL\MySQL Shell 8.0\bin\;C:\Users\user\AppData\Local\Microsoft\WindowsApps;C:\Program Files\Bandizip\;;C:\Users\user\AppData\Local\Programs\Microsoft VS Code\bin;C:\Program Files\JetBrains\IntelliJ IDEA Community Edition 2024.1.4\bin;;C:\Users\user\AppData\Local\Microsoft\WinGet\Packages\Schniz.fnm_Microsoft.Winget.Source_8wekyb3d8bbwe;C:\Users\user\AppData\Roaming\npm;.]
20-Aug-2024 10:49:26.052 INFO [main] org.apache.coyote.AbstractProtocol.init 프로토콜 핸들러 ["http-nio-80"]을(를) 초기화합니다.
20-Aug-2024 10:49:26.107 INFO [main] org.apache.catalina.startup.Catalina.load [723] 밀리초 내에 서버가 초기화되었습니다.
20-Aug-2024 10:49:26.188 INFO [main] org.apache.catalina.core.StandardService.startInternal 서비스 [Catalina]을(를) 시작합니다.
20-Aug-2024 10:49:26.189 INFO [main] org.apache.catalina.core.StandardEngine.startInternal 서버 엔진을 시작합니다: [Apache Tomcat/10.1.28]
20-Aug-2024 10:49:26.209 INFO [main] org.apache.catalina.startup.HostConfig.deployDirectory 웹 애플리케이션 디렉토리 [D:\Work\JSP_Work\apache-tomcat-10.1.28\webapps\docs]을(를) 배치합니다.
20-Aug-2024 10:49:26.601 INFO [main] org.apache.jasper.servlet.TldScanner.scanJars 적어도 하나의 JAR가 TLD들을 찾기 위해 스캔되었으나 아무 것도 찾지 못했습니다. 스캔했으나 TLD가 없는 JAR들의 전체 목록을 보시려면, 로그 레벨을 디버그 레벨로 설정하십시오. 스캔 과정에서 불필요한 JAR들을 건너뛰면, 시스템 시작 시간과 JSP 컴파일 시간을 단축시킬 수 있습니다.
20-Aug-2024 10:49:26.759 INFO [main] org.apache.catalina.startup.HostConfig.deployDirectory 웹 애플리케이션 디렉토리 [D:\Work\JSP_Work\apache-tomcat-10.1.28\webapps\docs]에 대한 배치가 [548] 밀리초에 완료되었습니다.
20-Aug-2024 10:49:26.759 INFO [main] org.apache.catalina.startup.HostConfig.deployDirectory 웹 애플리케이션 디렉토리 [D:\Work\JSP_Work\apache-tomcat-10.1.28\webapps\examples]을(를) 배치합니다.
20-Aug-2024 10:49:27.159 INFO [main] org.apache.jasper.servlet.TldScanner.scanJars 적어도 하나의 JAR가 TLD들을 찾기 위해 스캔되었으나 아무 것도 찾지 못했습니다. 스캔했으나 TLD가 없는 JAR들의 전체 목록을 보시려면, 로그 레벨을 디버그 레벨로 설정하십시오. 스캔 과정에서 불필요한 JAR들을 건너뛰면, 시스템 시작 시간과 JSP 컴파일 시간을 단축시킬 수 있습니다.
20-Aug-2024 10:49:27.241 INFO [main] org.apache.catalina.startup.HostConfig.deployDirectory 웹 애플리케이션 디렉토리 [D:\Work\JSP_Work\apache-tomcat-10.1.28\webapps\examples]에 대한 배치가 [482] 밀리초에 완료되었습니다.
20-Aug-2024 10:49:27.241 INFO [main] org.apache.catalina.startup.HostConfig.deployDirectory 웹 애플리케이션 디렉토리 [D:\Work\JSP_Work\apache-tomcat-10.1.28\webapps\host-manager]을(를) 배치합니다.
20-Aug-2024 10:49:27.318 INFO [main] org.apache.jasper.servlet.TldScanner.scanJars 적어도 하나의 JAR가 TLD들을 찾기 위해 스캔되었으나 아무 것도 찾지 못했습니다. 스캔했으나 TLD가 없는 JAR들의 전체 목록을 보시려면, 로그 레벨을 디버그 레벨로 설정하십시오. 스캔 과정에서 불필요한 JAR들을 건너뛰면, 시스템 시작 시간과 JSP 컴파일 시간을 단축시킬 수 있습니다.
20-Aug-2024 10:49:27.332 INFO [main] org.apache.catalina.startup.HostConfig.deployDirectory 웹 애플리케이션 디렉토리 [D:\Work\JSP_Work\apache-tomcat-10.1.28\webapps\host-manager]에 대한 배치가 [91] 밀리초에 완료되었습니다.
20-Aug-2024 10:49:27.333 INFO [main] org.apache.catalina.startup.HostConfig.deployDirectory 웹 애플리케이션 디렉토리 [D:\Work\JSP_Work\apache-tomcat-10.1.28\webapps\manager]을(를) 배치합니다.
20-Aug-2024 10:49:27.388 INFO [main] org.apache.jasper.servlet.TldScanner.scanJars 적어도 하나의 JAR가 TLD들을 찾기 위해 스캔되었으나 아무 것도 찾지 못했습니다. 스캔했으나 TLD가 없는 JAR들의 전체 목록을 보시려면, 로그 레벨을 디버그 레벨로 설정하십시오. 스캔 과정에서 불필요한 JAR들을 건너뛰면, 시스템 시작 시간과 JSP 컴파일 시간을 단축시킬 수 있습니다.
20-Aug-2024 10:49:27.393 INFO [main] org.apache.catalina.startup.HostConfig.deployDirectory 웹 애플리케이션 디렉토리 [D:\Work\JSP_Work\apache-tomcat-10.1.28\webapps\manager]에 대한 배치가 [59] 밀리초에 완료되었습니다.
20-Aug-2024 10:49:27.393 INFO [main] org.apache.catalina.startup.HostConfig.deployDirectory 웹 애플리케이션 디렉토리 [D:\Work\JSP_Work\apache-tomcat-10.1.28\webapps\ROOT]을(를) 배치합니다.
20-Aug-2024 10:49:27.455 INFO [main] org.apache.jasper.servlet.TldScanner.scanJars 적어도 하나의 JAR가 TLD들을 찾기 위해 스캔되었으나 아무 것도 찾지 못했습니다. 스캔했으나 TLD가 없는 JAR들의 전체 목록을 보시려면, 로그 레벨을 디버그 레벨로 설정하십시오. 스캔 과정에서 불필요한 JAR들을 건너뛰면, 시스템 시작 시간과 JSP 컴파일 시간을 단축시킬 수 있습니다.
20-Aug-2024 10:49:27.459 INFO [main] org.apache.catalina.startup.HostConfig.deployDirectory 웹 애플리케이션 디렉토리 [D:\Work\JSP_Work\apache-tomcat-10.1.28\webapps\ROOT]에 대한 배치가 [65] 밀리초에 완료되었습니다.
20-Aug-2024 10:49:27.479 INFO [main] org.apache.coyote.AbstractProtocol.start 프로토콜 핸들러 ["http-nio-80"]을(를) 시작합니다.
20-Aug-2024 10:49:27.678 INFO [main] org.apache.catalina.startup.Catalina.start 서버가 [1569] 밀리초 내에 시작되었습니다.
20-Aug-2024 10:50:17.589 INFO [Catalina-utility-1] org.apache.catalina.startup.HostConfig.reload 컨텍스트 []을(를) 다시 로드합니다.
20-Aug-2024 10:50:17.592 INFO [Catalina-utility-1] org.apache.catalina.core.StandardContext.reload 이름이 []인 컨텍스트를 다시 로드하는 작업이 시작되었습니다.
20-Aug-2024 10:50:17.714 INFO [Catalina-utility-1] org.apache.jasper.servlet.TldScanner.scanJars 적어도 하나의 JAR가 TLD들을 찾기 위해 스캔되었으나 아무 것도 찾지 못했습니다. 스캔했으나 TLD가 없는 JAR들의 전체 목록을 보시려면, 로그 레벨을 디버그 레벨로 설정하십시오. 스캔 과정에서 불필요한 JAR들을 건너뛰면, 시스템 시작 시간과 JSP 컴파일 시간을 단축시킬 수 있습니다.
20-Aug-2024 10:50:17.734 INFO [Catalina-utility-1] org.apache.catalina.core.StandardContext.reload 이름이 []인 컨텍스트를 다시 로드하는 것을 완료했습니다.
20-Aug-2024 10:50:50.286 WARNING [main] org.apache.tomcat.util.digester.Digester.endElement [Server/Service/Context]와(과) 부합하는 rule들을 찾을 수 없습니다.
20-Aug-2024 10:50:50.346 INFO [main] org.apache.catalina.startup.VersionLoggerListener.log 서버 버전 이름:    Apache Tomcat/10.1.28
20-Aug-2024 10:50:50.348 INFO [main] org.apache.catalina.startup.VersionLoggerListener.log Server 빌드 시각:  Aug 2 2024 15:14:43 UTC
20-Aug-2024 10:50:50.348 INFO [main] org.apache.catalina.startup.VersionLoggerListener.log Server 버전 번호:  10.1.28.0
20-Aug-2024 10:50:50.348 INFO [main] org.apache.catalina.startup.VersionLoggerListener.log 운영체제 이름:     Windows 10
20-Aug-2024 10:50:50.348 INFO [main] org.apache.catalina.startup.VersionLoggerListener.log 운영체제 버전:     10.0
20-Aug-2024 10:50:50.348 INFO [main] org.apache.catalina.startup.VersionLoggerListener.log 아키텍처:          amd64
20-Aug-2024 10:50:50.348 INFO [main] org.apache.catalina.startup.VersionLoggerListener.log 자바 홈:           C:\Program Files\Java\jdk-13.0.2
20-Aug-2024 10:50:50.349 INFO [main] org.apache.catalina.startup.VersionLoggerListener.log JVM 버전:          13.0.2+8
20-Aug-2024 10:50:50.349 INFO [main] org.apache.catalina.startup.VersionLoggerListener.log JVM 벤더:          Oracle Corporation
20-Aug-2024 10:50:50.349 INFO [main] org.apache.catalina.startup.VersionLoggerListener.log CATALINA_BASE:     D:\Work\JSP_Work\apache-tomcat-10.1.28
20-Aug-2024 10:50:50.349 INFO [main] org.apache.catalina.startup.VersionLoggerListener.log CATALINA_HOME:     D:\Work\JSP_Work\apache-tomcat-10.1.28
20-Aug-2024 10:50:50.350 INFO [main] org.apache.catalina.startup.VersionLoggerListener.log 명령 행 아규먼트:  -Djava.util.logging.config.file=d:\Work\JSP_Work\apache-tomcat-10.1.28/conf/logging.properties
20-Aug-2024 10:50:50.350 INFO [main] org.apache.catalina.startup.VersionLoggerListener.log 명령 행 아규먼트:  -Djava.util.logging.manager=org.apache.juli.ClassLoaderLogManager
20-Aug-2024 10:50:50.350 INFO [main] org.apache.catalina.startup.VersionLoggerListener.log 명령 행 아규먼트:  -Djdk.tls.ephemeralDHKeySize=2048
20-Aug-2024 10:50:50.350 INFO [main] org.apache.catalina.startup.VersionLoggerListener.log 명령 행 아규먼트:  -Djava.protocol.handler.pkgs=org.apache.catalina.webresources
20-Aug-2024 10:50:50.350 INFO [main] org.apache.catalina.startup.VersionLoggerListener.log 명령 행 아규먼트:  -Dorg.apache.catalina.security.SecurityListener.UMASK=0027
20-Aug-2024 10:50:50.350 INFO [main] org.apache.catalina.startup.VersionLoggerListener.log 명령 행 아규먼트:  -Dcatalina.base=d:\Work\JSP_Work\apache-tomcat-10.1.28
20-Aug-2024 10:50:50.350 INFO [main] org.apache.catalina.startup.VersionLoggerListener.log 명령 행 아규먼트:  -Dcatalina.home=d:\Work\JSP_Work\apache-tomcat-10.1.28
20-Aug-2024 10:50:50.350 INFO [main] org.apache.catalina.startup.VersionLoggerListener.log 명령 행 아규먼트:  -Djava.io.tmpdir=d:\Work\JSP_Work\apache-tomcat-10.1.28/temp
20-Aug-2024 10:50:50.375 INFO [main] org.apache.catalina.core.AprLifecycleListener.lifecycleEvent 프로덕션 환경들에서 최적의 성능을 제공하는, APR 기반 Apache Tomcat Native 라이브러리가, 다음 java.library.path에서 발견되지 않습니다: [C:\Program Files\Java\jdk-13.0.2\bin;C:\WINDOWS\Sun\Java\bin;C:\WINDOWS\system32;C:\WINDOWS;C:\Python312\Scripts\;C:\Python312\;C:\Program Files\Common Files\Oracle\Java\javapath;C:\Program Files\Java\jdk-17\bin;C:\Program Files (x86)\Common Files\Intel\Shared Libraries\redist\intel64\compiler;C:\WINDOWS\system32;C:\WINDOWS;C:\WINDOWS\System32\Wbem;C:\WINDOWS\System32\WindowsPowerShell\v1.0\;C:\WINDOWS\System32\OpenSSH\;C:\Program Files\Common Files\Autodesk Shared\;c:\Program Files (x86)\Microsoft SQL Server\100\Tools\Binn\;c:\Program Files\Microsoft SQL Server\100\Tools\Binn\;c:\Program Files\Microsoft SQL Server\100\DTS\Binn\;C:\Program Files\Microsoft SQL Server\120\Tools\Binn\;C:\Program Files\dotnet\;C:\Program Files\Git\cmd;C:\Program Files\Docker\Docker\resources\bin;C:\Program Files\nodejs\;C:\ProgramData\chocolatey\bin;C:\Program Files\MySQL\MySQL Shell 8.0\bin\;C:\Users\user\AppData\Local\Microsoft\WindowsApps;C:\Program Files\Bandizip\;;C:\Users\user\AppData\Local\Programs\Microsoft VS Code\bin;C:\Program Files\JetBrains\IntelliJ IDEA Community Edition 2024.1.4\bin;;C:\Users\user\AppData\Local\Microsoft\WinGet\Packages\Schniz.fnm_Microsoft.Winget.Source_8wekyb3d8bbwe;C:\Users\user\AppData\Roaming\npm;.]
20-Aug-2024 10:50:50.725 INFO [main] org.apache.coyote.AbstractProtocol.init 프로토콜 핸들러 ["http-nio-80"]을(를) 초기화합니다.
20-Aug-2024 10:50:50.774 INFO [main] org.apache.catalina.startup.Catalina.load [716] 밀리초 내에 서버가 초기화되었습니다.
20-Aug-2024 10:50:50.842 INFO [main] org.apache.catalina.core.StandardService.startInternal 서비스 [Catalina]을(를) 시작합니다.
20-Aug-2024 10:50:50.842 INFO [main] org.apache.catalina.core.StandardEngine.startInternal 서버 엔진을 시작합니다: [Apache Tomcat/10.1.28]
20-Aug-2024 10:50:50.856 INFO [main] org.apache.catalina.startup.HostConfig.deployDirectory 웹 애플리케이션 디렉토리 [D:\Work\JSP_Work\apache-tomcat-10.1.28\webapps\ROOT]을(를) 배치합니다.
20-Aug-2024 10:50:51.219 INFO [main] org.apache.jasper.servlet.TldScanner.scanJars 적어도 하나의 JAR가 TLD들을 찾기 위해 스캔되었으나 아무 것도 찾지 못했습니다. 스캔했으나 TLD가 없는 JAR들의 전체 목록을 보시려면, 로그 레벨을 디버그 레벨로 설정하십시오. 스캔 과정에서 불필요한 JAR들을 건너뛰면, 시스템 시작 시간과 JSP 컴파일 시간을 단축시킬 수 있습니다.
20-Aug-2024 10:50:51.384 INFO [main] org.apache.catalina.startup.HostConfig.deployDirectory 웹 애플리케이션 디렉토리 [D:\Work\JSP_Work\apache-tomcat-10.1.28\webapps\ROOT]에 대한 배치가 [526] 밀리초에 완료되었습니다.
20-Aug-2024 10:50:51.400 INFO [main] org.apache.coyote.AbstractProtocol.start 프로토콜 핸들러 ["http-nio-80"]을(를) 시작합니다.
20-Aug-2024 10:50:51.576 INFO [main] org.apache.catalina.startup.Catalina.start 서버가 [801] 밀리초 내에 시작되었습니다.
20-Aug-2024 10:54:30.322 WARNING [main] org.apache.tomcat.util.digester.Digester.endElement [Server/Service/Context]와(과) 부합하는 rule들을 찾을 수 없습니다.
20-Aug-2024 10:54:30.405 INFO [main] org.apache.catalina.startup.VersionLoggerListener.log 서버 버전 이름:    Apache Tomcat/10.1.28
20-Aug-2024 10:54:30.405 INFO [main] org.apache.catalina.startup.VersionLoggerListener.log Server 빌드 시각:  Aug 2 2024 15:14:43 UTC
20-Aug-2024 10:54:30.406 INFO [main] org.apache.catalina.startup.VersionLoggerListener.log Server 버전 번호:  10.1.28.0
20-Aug-2024 10:54:30.406 INFO [main] org.apache.catalina.startup.VersionLoggerListener.log 운영체제 이름:     Windows 10
20-Aug-2024 10:54:30.406 INFO [main] org.apache.catalina.startup.VersionLoggerListener.log 운영체제 버전:     10.0
20-Aug-2024 10:54:30.406 INFO [main] org.apache.catalina.startup.VersionLoggerListener.log 아키텍처:          amd64
20-Aug-2024 10:54:30.406 INFO [main] org.apache.catalina.startup.VersionLoggerListener.log 자바 홈:           C:\Program Files\Java\jdk-13.0.2
20-Aug-2024 10:54:30.407 INFO [main] org.apache.catalina.startup.VersionLoggerListener.log JVM 버전:          13.0.2+8
20-Aug-2024 10:54:30.407 INFO [main] org.apache.catalina.startup.VersionLoggerListener.log JVM 벤더:          Oracle Corporation
20-Aug-2024 10:54:30.407 INFO [main] org.apache.catalina.startup.VersionLoggerListener.log CATALINA_BASE:     D:\Work\JSP_Work\apache-tomcat-10.1.28
20-Aug-2024 10:54:30.407 INFO [main] org.apache.catalina.startup.VersionLoggerListener.log CATALINA_HOME:     D:\Work\JSP_Work\apache-tomcat-10.1.28
20-Aug-2024 10:54:30.410 INFO [main] org.apache.catalina.startup.VersionLoggerListener.log 명령 행 아규먼트:  -Djava.util.logging.config.file=d:\Work\JSP_Work\apache-tomcat-10.1.28/conf/logging.properties
20-Aug-2024 10:54:30.411 INFO [main] org.apache.catalina.startup.VersionLoggerListener.log 명령 행 아규먼트:  -Djava.util.logging.manager=org.apache.juli.ClassLoaderLogManager
20-Aug-2024 10:54:30.411 INFO [main] org.apache.catalina.startup.VersionLoggerListener.log 명령 행 아규먼트:  -Djdk.tls.ephemeralDHKeySize=2048
20-Aug-2024 10:54:30.411 INFO [main] org.apache.catalina.startup.VersionLoggerListener.log 명령 행 아규먼트:  -Djava.protocol.handler.pkgs=org.apache.catalina.webresources
20-Aug-2024 10:54:30.411 INFO [main] org.apache.catalina.startup.VersionLoggerListener.log 명령 행 아규먼트:  -Dorg.apache.catalina.security.SecurityListener.UMASK=0027
20-Aug-2024 10:54:30.412 INFO [main] org.apache.catalina.startup.VersionLoggerListener.log 명령 행 아규먼트:  -Dcatalina.base=d:\Work\JSP_Work\apache-tomcat-10.1.28
20-Aug-2024 10:54:30.412 INFO [main] org.apache.catalina.startup.VersionLoggerListener.log 명령 행 아규먼트:  -Dcatalina.home=d:\Work\JSP_Work\apache-tomcat-10.1.28
20-Aug-2024 10:54:30.412 INFO [main] org.apache.catalina.startup.VersionLoggerListener.log 명령 행 아규먼트:  -Djava.io.tmpdir=d:\Work\JSP_Work\apache-tomcat-10.1.28/temp
20-Aug-2024 10:54:30.429 INFO [main] org.apache.catalina.core.AprLifecycleListener.lifecycleEvent 프로덕션 환경들에서 최적의 성능을 제공하는, APR 기반 Apache Tomcat Native 라이브러리가, 다음 java.library.path에서 발견되지 않습니다: [C:\Program Files\Java\jdk-13.0.2\bin;C:\WINDOWS\Sun\Java\bin;C:\WINDOWS\system32;C:\WINDOWS;C:\Python312\Scripts\;C:\Python312\;C:\Program Files\Common Files\Oracle\Java\javapath;C:\Program Files\Java\jdk-17\bin;C:\Program Files (x86)\Common Files\Intel\Shared Libraries\redist\intel64\compiler;C:\WINDOWS\system32;C:\WINDOWS;C:\WINDOWS\System32\Wbem;C:\WINDOWS\System32\WindowsPowerShell\v1.0\;C:\WINDOWS\System32\OpenSSH\;C:\Program Files\Common Files\Autodesk Shared\;c:\Program Files (x86)\Microsoft SQL Server\100\Tools\Binn\;c:\Program Files\Microsoft SQL Server\100\Tools\Binn\;c:\Program Files\Microsoft SQL Server\100\DTS\Binn\;C:\Program Files\Microsoft SQL Server\120\Tools\Binn\;C:\Program Files\dotnet\;C:\Program Files\Git\cmd;C:\Program Files\Docker\Docker\resources\bin;C:\Program Files\nodejs\;C:\ProgramData\chocolatey\bin;C:\Program Files\MySQL\MySQL Shell 8.0\bin\;C:\Users\user\AppData\Local\Microsoft\WindowsApps;C:\Program Files\Bandizip\;;C:\Users\user\AppData\Local\Programs\Microsoft VS Code\bin;C:\Program Files\JetBrains\IntelliJ IDEA Community Edition 2024.1.4\bin;;C:\Users\user\AppData\Local\Microsoft\WinGet\Packages\Schniz.fnm_Microsoft.Winget.Source_8wekyb3d8bbwe;C:\Users\user\AppData\Roaming\npm;.]
20-Aug-2024 10:54:30.795 INFO [main] org.apache.coyote.AbstractProtocol.init 프로토콜 핸들러 ["http-nio-80"]을(를) 초기화합니다.
20-Aug-2024 10:54:30.842 INFO [main] org.apache.catalina.startup.Catalina.load [724] 밀리초 내에 서버가 초기화되었습니다.
20-Aug-2024 10:54:30.905 INFO [main] org.apache.catalina.core.StandardService.startInternal 서비스 [Catalina]을(를) 시작합니다.
20-Aug-2024 10:54:30.905 INFO [main] org.apache.catalina.core.StandardEngine.startInternal 서버 엔진을 시작합니다: [Apache Tomcat/10.1.28]
20-Aug-2024 10:54:30.924 INFO [main] org.apache.catalina.startup.HostConfig.deployDirectory 웹 애플리케이션 디렉토리 [D:\Work\JSP_Work\apache-tomcat-10.1.28\webapps\ROOT]을(를) 배치합니다.
20-Aug-2024 10:54:31.313 INFO [main] org.apache.jasper.servlet.TldScanner.scanJars 적어도 하나의 JAR가 TLD들을 찾기 위해 스캔되었으나 아무 것도 찾지 못했습니다. 스캔했으나 TLD가 없는 JAR들의 전체 목록을 보시려면, 로그 레벨을 디버그 레벨로 설정하십시오. 스캔 과정에서 불필요한 JAR들을 건너뛰면, 시스템 시작 시간과 JSP 컴파일 시간을 단축시킬 수 있습니다.
20-Aug-2024 10:54:31.485 INFO [main] org.apache.catalina.startup.HostConfig.deployDirectory 웹 애플리케이션 디렉토리 [D:\Work\JSP_Work\apache-tomcat-10.1.28\webapps\ROOT]에 대한 배치가 [558] 밀리초에 완료되었습니다.
20-Aug-2024 10:54:31.496 INFO [main] org.apache.coyote.AbstractProtocol.start 프로토콜 핸들러 ["http-nio-80"]을(를) 시작합니다.
20-Aug-2024 10:54:31.672 INFO [main] org.apache.catalina.startup.Catalina.start 서버가 [828] 밀리초 내에 시작되었습니다.
20-Aug-2024 10:56:15.649 WARNING [main] org.apache.tomcat.util.digester.Digester.endElement [Server/Service/Context]() ϴ rule ã  ϴ.
20-Aug-2024 10:56:15.717 INFO [main] org.apache.catalina.startup.VersionLoggerListener.log   ̸:    Apache Tomcat/10.1.28
20-Aug-2024 10:56:15.718 INFO [main] org.apache.catalina.startup.VersionLoggerListener.log Server  ð:  Aug 2 2024 15:14:43 UTC
20-Aug-2024 10:56:15.718 INFO [main] org.apache.catalina.startup.VersionLoggerListener.log Server  ȣ:  10.1.28.0
20-Aug-2024 10:56:15.718 INFO [main] org.apache.catalina.startup.VersionLoggerListener.log ü ̸:     Windows 10
20-Aug-2024 10:56:15.718 INFO [main] org.apache.catalina.startup.VersionLoggerListener.log ü :     10.0
20-Aug-2024 10:56:15.718 INFO [main] org.apache.catalina.startup.VersionLoggerListener.log Űó:          amd64
20-Aug-2024 10:56:15.718 INFO [main] org.apache.catalina.startup.VersionLoggerListener.log ڹ Ȩ:           C:\Program Files\Java\jdk-13.0.2
20-Aug-2024 10:56:15.718 INFO [main] org.apache.catalina.startup.VersionLoggerListener.log JVM :          13.0.2+8
20-Aug-2024 10:56:15.719 INFO [main] org.apache.catalina.startup.VersionLoggerListener.log JVM :          Oracle Corporation
20-Aug-2024 10:56:15.719 INFO [main] org.apache.catalina.startup.VersionLoggerListener.log CATALINA_BASE:     D:\Work\JSP_Work\apache-tomcat-10.1.28
20-Aug-2024 10:56:15.719 INFO [main] org.apache.catalina.startup.VersionLoggerListener.log CATALINA_HOME:     D:\Work\JSP_Work\apache-tomcat-10.1.28
20-Aug-2024 10:56:15.721 INFO [main] org.apache.catalina.startup.VersionLoggerListener.log   ƱԸƮ:  -Djava.util.logging.config.file=d:\Work\JSP_Work\apache-tomcat-10.1.28/conf/logging.properties
20-Aug-2024 10:56:15.722 INFO [main] org.apache.catalina.startup.VersionLoggerListener.log   ƱԸƮ:  -Djava.util.logging.manager=org.apache.juli.ClassLoaderLogManager
20-Aug-2024 10:56:15.723 INFO [main] org.apache.catalina.startup.VersionLoggerListener.log   ƱԸƮ:  -Djdk.tls.ephemeralDHKeySize=2048
20-Aug-2024 10:56:15.723 INFO [main] org.apache.catalina.startup.VersionLoggerListener.log   ƱԸƮ:  -Djava.protocol.handler.pkgs=org.apache.catalina.webresources
20-Aug-2024 10:56:15.724 INFO [main] org.apache.catalina.startup.VersionLoggerListener.log   ƱԸƮ:  -Dorg.apache.catalina.security.SecurityListener.UMASK=0027
20-Aug-2024 10:56:15.724 INFO [main] org.apache.catalina.startup.VersionLoggerListener.log   ƱԸƮ:  -Dcatalina.base=d:\Work\JSP_Work\apache-tomcat-10.1.28
20-Aug-2024 10:56:15.724 INFO [main] org.apache.catalina.startup.VersionLoggerListener.log   ƱԸƮ:  -Dcatalina.home=d:\Work\JSP_Work\apache-tomcat-10.1.28
20-Aug-2024 10:56:15.724 INFO [main] org.apache.catalina.startup.VersionLoggerListener.log   ƱԸƮ:  -Djava.io.tmpdir=d:\Work\JSP_Work\apache-tomcat-10.1.28/temp
20-Aug-2024 10:56:15.746 INFO [main] org.apache.catalina.core.AprLifecycleListener.lifecycleEvent δ ȯ鿡   ϴ, APR  Apache Tomcat Native ̺귯,  java.library.path ߰ߵ ʽϴ: [C:\Program Files\Java\jdk-13.0.2\bin;C:\WINDOWS\Sun\Java\bin;C:\WINDOWS\system32;C:\WINDOWS;C:\Python312\Scripts\;C:\Python312\;C:\Program Files\Common Files\Oracle\Java\javapath;C:\Program Files\Java\jdk-17\bin;C:\Program Files (x86)\Common Files\Intel\Shared Libraries\redist\intel64\compiler;C:\WINDOWS\system32;C:\WINDOWS;C:\WINDOWS\System32\Wbem;C:\WINDOWS\System32\WindowsPowerShell\v1.0\;C:\WINDOWS\System32\OpenSSH\;C:\Program Files\Common Files\Autodesk Shared\;c:\Program Files (x86)\Microsoft SQL Server\100\Tools\Binn\;c:\Program Files\Microsoft SQL Server\100\Tools\Binn\;c:\Program Files\Microsoft SQL Server\100\DTS\Binn\;C:\Program Files\Microsoft SQL Server\120\Tools\Binn\;C:\Program Files\dotnet\;C:\Program Files\Git\cmd;C:\Program Files\Docker\Docker\resources\bin;C:\Program Files\nodejs\;C:\ProgramData\chocolatey\bin;C:\Program Files\MySQL\MySQL Shell 8.0\bin\;C:\Users\user\AppData\Local\Microsoft\WindowsApps;C:\Program Files\Bandizip\;;C:\Users\user\AppData\Local\Programs\Microsoft VS Code\bin;C:\Program Files\JetBrains\IntelliJ IDEA Community Edition 2024.1.4\bin;;C:\Users\user\AppData\Local\Microsoft\WinGet\Packages\Schniz.fnm_Microsoft.Winget.Source_8wekyb3d8bbwe;C:\Users\user\AppData\Roaming\npm;.]
20-Aug-2024 10:56:16.080 INFO [main] org.apache.coyote.AbstractProtocol.init  ڵ鷯 ["http-nio-80"]() ʱȭմϴ.
20-Aug-2024 10:56:16.128 INFO [main] org.apache.catalina.startup.Catalina.load [703] и   ʱȭǾϴ.
20-Aug-2024 10:56:16.189 INFO [main] org.apache.catalina.core.StandardService.startInternal  [Catalina]() մϴ.
20-Aug-2024 10:56:16.190 INFO [main] org.apache.catalina.core.StandardEngine.startInternal   մϴ: [Apache Tomcat/10.1.28]
20-Aug-2024 10:56:16.207 INFO [main] org.apache.catalina.startup.HostConfig.deployDirectory  ø̼ 丮 [D:\Work\JSP_Work\apache-tomcat-10.1.28\webapps\ROOT]() ġմϴ.
20-Aug-2024 10:56:16.615 INFO [main] org.apache.jasper.servlet.TldScanner.scanJars  ϳ JAR TLD ã  ĵǾ ƹ ͵ ã ߽ϴ. ĵ TLD  JAR ü  ÷, α    Ͻʽÿ. ĵ  ʿ JAR ǳʶٸ, ý  ð JSP  ð ų  ֽϴ.
20-Aug-2024 10:56:16.781 INFO [main] org.apache.catalina.startup.HostConfig.deployDirectory  ø̼ 丮 [D:\Work\JSP_Work\apache-tomcat-10.1.28\webapps\ROOT]  ġ [573] иʿ ϷǾϴ.
20-Aug-2024 10:56:16.795 INFO [main] org.apache.coyote.AbstractProtocol.start  ڵ鷯 ["http-nio-80"]() մϴ.
20-Aug-2024 10:56:16.969 INFO [main] org.apache.catalina.startup.Catalina.start  [840] и  ۵Ǿϴ.
20-Aug-2024 11:14:31.217 WARNING [main] org.apache.tomcat.util.digester.Digester.endElement [Server/Service/Context]() ϴ rule ã  ϴ.
20-Aug-2024 11:14:31.291 INFO [main] org.apache.catalina.startup.VersionLoggerListener.log   ̸:    Apache Tomcat/10.1.28
20-Aug-2024 11:14:31.291 INFO [main] org.apache.catalina.startup.VersionLoggerListener.log Server  ð:  Aug 2 2024 15:14:43 UTC
20-Aug-2024 11:14:31.291 INFO [main] org.apache.catalina.startup.VersionLoggerListener.log Server  ȣ:  10.1.28.0
20-Aug-2024 11:14:31.291 INFO [main] org.apache.catalina.startup.VersionLoggerListener.log ü ̸:     Windows 10
20-Aug-2024 11:14:31.291 INFO [main] org.apache.catalina.startup.VersionLoggerListener.log ü :     10.0
20-Aug-2024 11:14:31.291 INFO [main] org.apache.catalina.startup.VersionLoggerListener.log Űó:          amd64
20-Aug-2024 11:14:31.291 INFO [main] org.apache.catalina.startup.VersionLoggerListener.log ڹ Ȩ:           C:\Program Files\Java\jdk-13.0.2
20-Aug-2024 11:14:31.291 INFO [main] org.apache.catalina.startup.VersionLoggerListener.log JVM :          13.0.2+8
20-Aug-2024 11:14:31.291 INFO [main] org.apache.catalina.startup.VersionLoggerListener.log JVM :          Oracle Corporation
20-Aug-2024 11:14:31.291 INFO [main] org.apache.catalina.startup.VersionLoggerListener.log CATALINA_BASE:     D:\Work\JSP_Work\apache-tomcat-10.1.28
20-Aug-2024 11:14:31.291 INFO [main] org.apache.catalina.startup.VersionLoggerListener.log CATALINA_HOME:     D:\Work\JSP_Work\apache-tomcat-10.1.28
20-Aug-2024 11:14:31.291 INFO [main] org.apache.catalina.startup.VersionLoggerListener.log   ƱԸƮ:  -Djava.util.logging.config.file=d:\Work\JSP_Work\apache-tomcat-10.1.28/conf/logging.properties
20-Aug-2024 11:14:31.301 INFO [main] org.apache.catalina.startup.VersionLoggerListener.log   ƱԸƮ:  -Djava.util.logging.manager=org.apache.juli.ClassLoaderLogManager
20-Aug-2024 11:14:31.301 INFO [main] org.apache.catalina.startup.VersionLoggerListener.log   ƱԸƮ:  -Djdk.tls.ephemeralDHKeySize=2048
20-Aug-2024 11:14:31.301 INFO [main] org.apache.catalina.startup.VersionLoggerListener.log   ƱԸƮ:  -Djava.protocol.handler.pkgs=org.apache.catalina.webresources
20-Aug-2024 11:14:31.301 INFO [main] org.apache.catalina.startup.VersionLoggerListener.log   ƱԸƮ:  -Dorg.apache.catalina.security.SecurityListener.UMASK=0027
20-Aug-2024 11:14:31.301 INFO [main] org.apache.catalina.startup.VersionLoggerListener.log   ƱԸƮ:  -Dcatalina.base=d:\Work\JSP_Work\apache-tomcat-10.1.28
20-Aug-2024 11:14:31.301 INFO [main] org.apache.catalina.startup.VersionLoggerListener.log   ƱԸƮ:  -Dcatalina.home=d:\Work\JSP_Work\apache-tomcat-10.1.28
20-Aug-2024 11:14:31.301 INFO [main] org.apache.catalina.startup.VersionLoggerListener.log   ƱԸƮ:  -Djava.io.tmpdir=d:\Work\JSP_Work\apache-tomcat-10.1.28/temp
20-Aug-2024 11:14:31.312 INFO [main] org.apache.catalina.core.AprLifecycleListener.lifecycleEvent δ ȯ鿡   ϴ, APR  Apache Tomcat Native ̺귯,  java.library.path ߰ߵ ʽϴ: [C:\Program Files\Java\jdk-13.0.2\bin;C:\WINDOWS\Sun\Java\bin;C:\WINDOWS\system32;C:\WINDOWS;C:\Python312\Scripts\;C:\Python312\;C:\Program Files\Common Files\Oracle\Java\javapath;C:\Program Files\Java\jdk-17\bin;C:\Program Files (x86)\Common Files\Intel\Shared Libraries\redist\intel64\compiler;C:\WINDOWS\system32;C:\WINDOWS;C:\WINDOWS\System32\Wbem;C:\WINDOWS\System32\WindowsPowerShell\v1.0\;C:\WINDOWS\System32\OpenSSH\;C:\Program Files\Common Files\Autodesk Shared\;c:\Program Files (x86)\Microsoft SQL Server\100\Tools\Binn\;c:\Program Files\Microsoft SQL Server\100\Tools\Binn\;c:\Program Files\Microsoft SQL Server\100\DTS\Binn\;C:\Program Files\Microsoft SQL Server\120\Tools\Binn\;C:\Program Files\dotnet\;C:\Program Files\Git\cmd;C:\Program Files\Docker\Docker\resources\bin;C:\Program Files\nodejs\;C:\ProgramData\chocolatey\bin;C:\Program Files\MySQL\MySQL Shell 8.0\bin\;C:\Users\user\AppData\Local\Microsoft\WindowsApps;C:\Program Files\Bandizip\;;C:\Users\user\AppData\Local\Programs\Microsoft VS Code\bin;C:\Program Files\JetBrains\IntelliJ IDEA Community Edition 2024.1.4\bin;;C:\Users\user\AppData\Local\Microsoft\WinGet\Packages\Schniz.fnm_Microsoft.Winget.Source_8wekyb3d8bbwe;C:\Users\user\AppData\Roaming\npm;.]
20-Aug-2024 11:14:31.725 INFO [main] org.apache.coyote.AbstractProtocol.init  ڵ鷯 ["http-nio-80"]() ʱȭմϴ.
20-Aug-2024 11:14:31.814 INFO [main] org.apache.catalina.startup.Catalina.load [821] и   ʱȭǾϴ.
20-Aug-2024 11:14:31.893 INFO [main] org.apache.catalina.core.StandardService.startInternal  [Catalina]() մϴ.
20-Aug-2024 11:14:31.893 INFO [main] org.apache.catalina.core.StandardEngine.startInternal   մϴ: [Apache Tomcat/10.1.28]
20-Aug-2024 11:14:31.934 INFO [main] org.apache.catalina.startup.HostConfig.deployDirectory  ø̼ 丮 [D:\Work\JSP_Work\apache-tomcat-10.1.28\webapps\ROOT]() ġմϴ.
20-Aug-2024 11:14:32.379 INFO [main] org.apache.jasper.servlet.TldScanner.scanJars  ϳ JAR TLD ã  ĵǾ ƹ ͵ ã ߽ϴ. ĵ TLD  JAR ü  ÷, α    Ͻʽÿ. ĵ  ʿ JAR ǳʶٸ, ý  ð JSP  ð ų  ֽϴ.
20-Aug-2024 11:14:32.584 WARNING [main] org.apache.catalina.util.SessionIdGeneratorBase.createSecureRandom [SHA1PRNG] ˰ Ͽ,  ID ϱ  SecureRandom ü ϴµ, [147] иʰ ҿƽϴ.
20-Aug-2024 11:14:32.622 INFO [main] org.apache.catalina.startup.HostConfig.deployDirectory  ø̼ 丮 [D:\Work\JSP_Work\apache-tomcat-10.1.28\webapps\ROOT]  ġ [687] иʿ ϷǾϴ.
20-Aug-2024 11:14:32.631 INFO [main] org.apache.coyote.AbstractProtocol.start  ڵ鷯 ["http-nio-80"]() մϴ.
20-Aug-2024 11:14:32.942 INFO [main] org.apache.catalina.startup.Catalina.start  [1127] и  ۵Ǿϴ.
20-Aug-2024 11:42:27.661 WARNING [main] org.apache.tomcat.util.digester.Digester.endElement [Server/Service/Context]() ϴ rule ã  ϴ.
20-Aug-2024 11:42:27.730 INFO [main] org.apache.catalina.startup.VersionLoggerListener.log   ̸:    Apache Tomcat/10.1.28
20-Aug-2024 11:42:27.731 INFO [main] org.apache.catalina.startup.VersionLoggerListener.log Server  ð:  Aug 2 2024 15:14:43 UTC
20-Aug-2024 11:42:27.731 INFO [main] org.apache.catalina.startup.VersionLoggerListener.log Server  ȣ:  10.1.28.0
20-Aug-2024 11:42:27.731 INFO [main] org.apache.catalina.startup.VersionLoggerListener.log ü ̸:     Windows 10
20-Aug-2024 11:42:27.731 INFO [main] org.apache.catalina.startup.VersionLoggerListener.log ü :     10.0
20-Aug-2024 11:42:27.731 INFO [main] org.apache.catalina.startup.VersionLoggerListener.log Űó:          amd64
20-Aug-2024 11:42:27.731 INFO [main] org.apache.catalina.startup.VersionLoggerListener.log ڹ Ȩ:           C:\Program Files\Java\jdk-13.0.2
20-Aug-2024 11:42:27.731 INFO [main] org.apache.catalina.startup.VersionLoggerListener.log JVM :          13.0.2+8
20-Aug-2024 11:42:27.732 INFO [main] org.apache.catalina.startup.VersionLoggerListener.log JVM :          Oracle Corporation
20-Aug-2024 11:42:27.732 INFO [main] org.apache.catalina.startup.VersionLoggerListener.log CATALINA_BASE:     D:\Work\JSP_Work\apache-tomcat-10.1.28
20-Aug-2024 11:42:27.732 INFO [main] org.apache.catalina.startup.VersionLoggerListener.log CATALINA_HOME:     D:\Work\JSP_Work\apache-tomcat-10.1.28
20-Aug-2024 11:42:27.733 INFO [main] org.apache.catalina.startup.VersionLoggerListener.log   ƱԸƮ:  -Djava.util.logging.config.file=d:\Work\JSP_Work\apache-tomcat-10.1.28/conf/logging.properties
20-Aug-2024 11:42:27.734 INFO [main] org.apache.catalina.startup.VersionLoggerListener.log   ƱԸƮ:  -Djava.util.logging.manager=org.apache.juli.ClassLoaderLogManager
20-Aug-2024 11:42:27.734 INFO [main] org.apache.catalina.startup.VersionLoggerListener.log   ƱԸƮ:  -Djdk.tls.ephemeralDHKeySize=2048
20-Aug-2024 11:42:27.734 INFO [main] org.apache.catalina.startup.VersionLoggerListener.log   ƱԸƮ:  -Djava.protocol.handler.pkgs=org.apache.catalina.webresources
20-Aug-2024 11:42:27.734 INFO [main] org.apache.catalina.startup.VersionLoggerListener.log   ƱԸƮ:  -Dorg.apache.catalina.security.SecurityListener.UMASK=0027
20-Aug-2024 11:42:27.734 INFO [main] org.apache.catalina.startup.VersionLoggerListener.log   ƱԸƮ:  -Dcatalina.base=d:\Work\JSP_Work\apache-tomcat-10.1.28
20-Aug-2024 11:42:27.734 INFO [main] org.apache.catalina.startup.VersionLoggerListener.log   ƱԸƮ:  -Dcatalina.home=d:\Work\JSP_Work\apache-tomcat-10.1.28
20-Aug-2024 11:42:27.734 INFO [main] org.apache.catalina.startup.VersionLoggerListener.log   ƱԸƮ:  -Djava.io.tmpdir=d:\Work\JSP_Work\apache-tomcat-10.1.28/temp
20-Aug-2024 11:42:27.759 INFO [main] org.apache.catalina.core.AprLifecycleListener.lifecycleEvent δ ȯ鿡   ϴ, APR  Apache Tomcat Native ̺귯,  java.library.path ߰ߵ ʽϴ: [C:\Program Files\Java\jdk-13.0.2\bin;C:\WINDOWS\Sun\Java\bin;C:\WINDOWS\system32;C:\WINDOWS;C:\Python312\Scripts\;C:\Python312\;C:\Program Files\Common Files\Oracle\Java\javapath;C:\Program Files\Java\jdk-17\bin;C:\Program Files (x86)\Common Files\Intel\Shared Libraries\redist\intel64\compiler;C:\WINDOWS\system32;C:\WINDOWS;C:\WINDOWS\System32\Wbem;C:\WINDOWS\System32\WindowsPowerShell\v1.0\;C:\WINDOWS\System32\OpenSSH\;C:\Program Files\Common Files\Autodesk Shared\;c:\Program Files (x86)\Microsoft SQL Server\100\Tools\Binn\;c:\Program Files\Microsoft SQL Server\100\Tools\Binn\;c:\Program Files\Microsoft SQL Server\100\DTS\Binn\;C:\Program Files\Microsoft SQL Server\120\Tools\Binn\;C:\Program Files\dotnet\;C:\Program Files\Git\cmd;C:\Program Files\Docker\Docker\resources\bin;C:\Program Files\nodejs\;C:\ProgramData\chocolatey\bin;C:\Program Files\MySQL\MySQL Shell 8.0\bin\;C:\Users\user\AppData\Local\Microsoft\WindowsApps;C:\Program Files\Bandizip\;;C:\Users\user\AppData\Local\Programs\Microsoft VS Code\bin;C:\Program Files\JetBrains\IntelliJ IDEA Community Edition 2024.1.4\bin;;C:\Users\user\AppData\Local\Microsoft\WinGet\Packages\Schniz.fnm_Microsoft.Winget.Source_8wekyb3d8bbwe;C:\Users\user\AppData\Roaming\npm;.]
20-Aug-2024 11:42:28.069 INFO [main] org.apache.coyote.AbstractProtocol.init  ڵ鷯 ["http-nio-80"]() ʱȭմϴ.
20-Aug-2024 11:42:28.119 INFO [main] org.apache.catalina.startup.Catalina.load [725] и   ʱȭǾϴ.
20-Aug-2024 11:42:28.182 INFO [main] org.apache.catalina.core.StandardService.startInternal  [Catalina]() մϴ.
20-Aug-2024 11:42:28.182 INFO [main] org.apache.catalina.core.StandardEngine.startInternal   մϴ: [Apache Tomcat/10.1.28]
20-Aug-2024 11:42:28.200 INFO [main] org.apache.catalina.startup.HostConfig.deployDirectory  ø̼ 丮 [D:\Work\JSP_Work\apache-tomcat-10.1.28\webapps\ROOT]() ġմϴ.
20-Aug-2024 11:42:28.601 INFO [main] org.apache.jasper.servlet.TldScanner.scanJars  ϳ JAR TLD ã  ĵǾ ƹ ͵ ã ߽ϴ. ĵ TLD  JAR ü  ÷, α    Ͻʽÿ. ĵ  ʿ JAR ǳʶٸ, ý  ð JSP  ð ų  ֽϴ.
20-Aug-2024 11:42:28.771 WARNING [main] org.apache.catalina.util.SessionIdGeneratorBase.createSecureRandom [SHA1PRNG] ˰ Ͽ,  ID ϱ  SecureRandom ü ϴµ, [127] иʰ ҿƽϴ.
20-Aug-2024 11:42:28.813 INFO [main] org.apache.catalina.startup.HostConfig.deployDirectory  ø̼ 丮 [D:\Work\JSP_Work\apache-tomcat-10.1.28\webapps\ROOT]  ġ [613] иʿ ϷǾϴ.
20-Aug-2024 11:42:28.829 INFO [main] org.apache.coyote.AbstractProtocol.start  ڵ鷯 ["http-nio-80"]() մϴ.
20-Aug-2024 11:42:29.069 INFO [main] org.apache.catalina.startup.Catalina.start  [949] и  ۵Ǿϴ.
20-Aug-2024 11:44:40.126 WARNING [main] org.apache.tomcat.util.digester.Digester.endElement [Server/Service/Context]() ϴ rule ã  ϴ.
20-Aug-2024 11:44:40.191 INFO [main] org.apache.catalina.startup.VersionLoggerListener.log   ̸:    Apache Tomcat/10.1.28
20-Aug-2024 11:44:40.191 INFO [main] org.apache.catalina.startup.VersionLoggerListener.log Server  ð:  Aug 2 2024 15:14:43 UTC
20-Aug-2024 11:44:40.191 INFO [main] org.apache.catalina.startup.VersionLoggerListener.log Server  ȣ:  10.1.28.0
20-Aug-2024 11:44:40.192 INFO [main] org.apache.catalina.startup.VersionLoggerListener.log ü ̸:     Windows 10
20-Aug-2024 11:44:40.192 INFO [main] org.apache.catalina.startup.VersionLoggerListener.log ü :     10.0
20-Aug-2024 11:44:40.192 INFO [main] org.apache.catalina.startup.VersionLoggerListener.log Űó:          amd64
20-Aug-2024 11:44:40.192 INFO [main] org.apache.catalina.startup.VersionLoggerListener.log ڹ Ȩ:           C:\Program Files\Java\jdk-13.0.2
20-Aug-2024 11:44:40.195 INFO [main] org.apache.catalina.startup.VersionLoggerListener.log JVM :          13.0.2+8
20-Aug-2024 11:44:40.196 INFO [main] org.apache.catalina.startup.VersionLoggerListener.log JVM :          Oracle Corporation
20-Aug-2024 11:44:40.197 INFO [main] org.apache.catalina.startup.VersionLoggerListener.log CATALINA_BASE:     D:\Work\JSP_Work\apache-tomcat-10.1.28
20-Aug-2024 11:44:40.198 INFO [main] org.apache.catalina.startup.VersionLoggerListener.log CATALINA_HOME:     D:\Work\JSP_Work\apache-tomcat-10.1.28
20-Aug-2024 11:44:40.200 INFO [main] org.apache.catalina.startup.VersionLoggerListener.log   ƱԸƮ:  -Djava.util.logging.config.file=d:\Work\JSP_Work\apache-tomcat-10.1.28/conf/logging.properties
20-Aug-2024 11:44:40.200 INFO [main] org.apache.catalina.startup.VersionLoggerListener.log   ƱԸƮ:  -Djava.util.logging.manager=org.apache.juli.ClassLoaderLogManager
20-Aug-2024 11:44:40.200 INFO [main] org.apache.catalina.startup.VersionLoggerListener.log   ƱԸƮ:  -Djdk.tls.ephemeralDHKeySize=2048
20-Aug-2024 11:44:40.200 INFO [main] org.apache.catalina.startup.VersionLoggerListener.log   ƱԸƮ:  -Djava.protocol.handler.pkgs=org.apache.catalina.webresources
20-Aug-2024 11:44:40.201 INFO [main] org.apache.catalina.startup.VersionLoggerListener.log   ƱԸƮ:  -Dorg.apache.catalina.security.SecurityListener.UMASK=0027
20-Aug-2024 11:44:40.201 INFO [main] org.apache.catalina.startup.VersionLoggerListener.log   ƱԸƮ:  -Dcatalina.base=d:\Work\JSP_Work\apache-tomcat-10.1.28
20-Aug-2024 11:44:40.202 INFO [main] org.apache.catalina.startup.VersionLoggerListener.log   ƱԸƮ:  -Dcatalina.home=d:\Work\JSP_Work\apache-tomcat-10.1.28
20-Aug-2024 11:44:40.202 INFO [main] org.apache.catalina.startup.VersionLoggerListener.log   ƱԸƮ:  -Djava.io.tmpdir=d:\Work\JSP_Work\apache-tomcat-10.1.28/temp
20-Aug-2024 11:44:40.226 INFO [main] org.apache.catalina.core.AprLifecycleListener.lifecycleEvent δ ȯ鿡   ϴ, APR  Apache Tomcat Native ̺귯,  java.library.path ߰ߵ ʽϴ: [C:\Program Files\Java\jdk-13.0.2\bin;C:\WINDOWS\Sun\Java\bin;C:\WINDOWS\system32;C:\WINDOWS;C:\Python312\Scripts\;C:\Python312\;C:\Program Files\Common Files\Oracle\Java\javapath;C:\Program Files\Java\jdk-17\bin;C:\Program Files (x86)\Common Files\Intel\Shared Libraries\redist\intel64\compiler;C:\WINDOWS\system32;C:\WINDOWS;C:\WINDOWS\System32\Wbem;C:\WINDOWS\System32\WindowsPowerShell\v1.0\;C:\WINDOWS\System32\OpenSSH\;C:\Program Files\Common Files\Autodesk Shared\;c:\Program Files (x86)\Microsoft SQL Server\100\Tools\Binn\;c:\Program Files\Microsoft SQL Server\100\Tools\Binn\;c:\Program Files\Microsoft SQL Server\100\DTS\Binn\;C:\Program Files\Microsoft SQL Server\120\Tools\Binn\;C:\Program Files\dotnet\;C:\Program Files\Git\cmd;C:\Program Files\Docker\Docker\resources\bin;C:\Program Files\nodejs\;C:\ProgramData\chocolatey\bin;C:\Program Files\MySQL\MySQL Shell 8.0\bin\;C:\Users\user\AppData\Local\Microsoft\WindowsApps;C:\Program Files\Bandizip\;;C:\Users\user\AppData\Local\Programs\Microsoft VS Code\bin;C:\Program Files\JetBrains\IntelliJ IDEA Community Edition 2024.1.4\bin;;C:\Users\user\AppData\Local\Microsoft\WinGet\Packages\Schniz.fnm_Microsoft.Winget.Source_8wekyb3d8bbwe;C:\Users\user\AppData\Roaming\npm;.]
20-Aug-2024 11:44:40.555 INFO [main] org.apache.coyote.AbstractProtocol.init  ڵ鷯 ["http-nio-80"]() ʱȭմϴ.
20-Aug-2024 11:44:40.597 INFO [main] org.apache.catalina.startup.Catalina.load [678] и   ʱȭǾϴ.
20-Aug-2024 11:44:40.660 INFO [main] org.apache.catalina.core.StandardService.startInternal  [Catalina]() մϴ.
20-Aug-2024 11:44:40.660 INFO [main] org.apache.catalina.core.StandardEngine.startInternal   մϴ: [Apache Tomcat/10.1.28]
20-Aug-2024 11:44:40.691 INFO [main] org.apache.catalina.startup.HostConfig.deployDirectory  ø̼ 丮 [D:\Work\JSP_Work\apache-tomcat-10.1.28\webapps\ROOT]() ġմϴ.
20-Aug-2024 11:44:41.088 INFO [main] org.apache.jasper.servlet.TldScanner.scanJars  ϳ JAR TLD ã  ĵǾ ƹ ͵ ã ߽ϴ. ĵ TLD  JAR ü  ÷, α    Ͻʽÿ. ĵ  ʿ JAR ǳʶٸ, ý  ð JSP  ð ų  ֽϴ.
20-Aug-2024 11:44:41.257 WARNING [main] org.apache.catalina.util.SessionIdGeneratorBase.createSecureRandom [SHA1PRNG] ˰ Ͽ,  ID ϱ  SecureRandom ü ϴµ, [130] иʰ ҿƽϴ.
20-Aug-2024 11:44:41.302 INFO [main] org.apache.catalina.startup.HostConfig.deployDirectory  ø̼ 丮 [D:\Work\JSP_Work\apache-tomcat-10.1.28\webapps\ROOT]  ġ [612] иʿ ϷǾϴ.
20-Aug-2024 11:44:41.316 INFO [main] org.apache.coyote.AbstractProtocol.start  ڵ鷯 ["http-nio-80"]() մϴ.
20-Aug-2024 11:44:41.577 INFO [main] org.apache.catalina.startup.Catalina.start  [979] и  ۵Ǿϴ.
20-Aug-2024 11:50:00.619 WARNING [main] org.apache.tomcat.util.digester.Digester.endElement [Server/Service/Context]() ϴ rule ã  ϴ.
20-Aug-2024 11:50:00.691 INFO [main] org.apache.catalina.startup.VersionLoggerListener.log   ̸:    Apache Tomcat/10.1.28
20-Aug-2024 11:50:00.692 INFO [main] org.apache.catalina.startup.VersionLoggerListener.log Server  ð:  Aug 2 2024 15:14:43 UTC
20-Aug-2024 11:50:00.692 INFO [main] org.apache.catalina.startup.VersionLoggerListener.log Server  ȣ:  10.1.28.0
20-Aug-2024 11:50:00.692 INFO [main] org.apache.catalina.startup.VersionLoggerListener.log ü ̸:     Windows 10
20-Aug-2024 11:50:00.692 INFO [main] org.apache.catalina.startup.VersionLoggerListener.log ü :     10.0
20-Aug-2024 11:50:00.692 INFO [main] org.apache.catalina.startup.VersionLoggerListener.log Űó:          amd64
20-Aug-2024 11:50:00.693 INFO [main] org.apache.catalina.startup.VersionLoggerListener.log ڹ Ȩ:           C:\Program Files\Java\jdk-13.0.2
20-Aug-2024 11:50:00.693 INFO [main] org.apache.catalina.startup.VersionLoggerListener.log JVM :          13.0.2+8
20-Aug-2024 11:50:00.693 INFO [main] org.apache.catalina.startup.VersionLoggerListener.log JVM :          Oracle Corporation
20-Aug-2024 11:50:00.693 INFO [main] org.apache.catalina.startup.VersionLoggerListener.log CATALINA_BASE:     D:\Work\JSP_Work\apache-tomcat-10.1.28
20-Aug-2024 11:50:00.693 INFO [main] org.apache.catalina.startup.VersionLoggerListener.log CATALINA_HOME:     D:\Work\JSP_Work\apache-tomcat-10.1.28
20-Aug-2024 11:50:00.694 INFO [main] org.apache.catalina.startup.VersionLoggerListener.log   ƱԸƮ:  -Djava.util.logging.config.file=d:\Work\JSP_Work\apache-tomcat-10.1.28/conf/logging.properties
20-Aug-2024 11:50:00.696 INFO [main] org.apache.catalina.startup.VersionLoggerListener.log   ƱԸƮ:  -Djava.util.logging.manager=org.apache.juli.ClassLoaderLogManager
20-Aug-2024 11:50:00.697 INFO [main] org.apache.catalina.startup.VersionLoggerListener.log   ƱԸƮ:  -Djdk.tls.ephemeralDHKeySize=2048
20-Aug-2024 11:50:00.697 INFO [main] org.apache.catalina.startup.VersionLoggerListener.log   ƱԸƮ:  -Djava.protocol.handler.pkgs=org.apache.catalina.webresources
20-Aug-2024 11:50:00.698 INFO [main] org.apache.catalina.startup.VersionLoggerListener.log   ƱԸƮ:  -Dorg.apache.catalina.security.SecurityListener.UMASK=0027
20-Aug-2024 11:50:00.698 INFO [main] org.apache.catalina.startup.VersionLoggerListener.log   ƱԸƮ:  -Dcatalina.base=d:\Work\JSP_Work\apache-tomcat-10.1.28
20-Aug-2024 11:50:00.698 INFO [main] org.apache.catalina.startup.VersionLoggerListener.log   ƱԸƮ:  -Dcatalina.home=d:\Work\JSP_Work\apache-tomcat-10.1.28
20-Aug-2024 11:50:00.698 INFO [main] org.apache.catalina.startup.VersionLoggerListener.log   ƱԸƮ:  -Djava.io.tmpdir=d:\Work\JSP_Work\apache-tomcat-10.1.28/temp
20-Aug-2024 11:50:00.715 INFO [main] org.apache.catalina.core.AprLifecycleListener.lifecycleEvent δ ȯ鿡   ϴ, APR  Apache Tomcat Native ̺귯,  java.library.path ߰ߵ ʽϴ: [C:\Program Files\Java\jdk-13.0.2\bin;C:\WINDOWS\Sun\Java\bin;C:\WINDOWS\system32;C:\WINDOWS;C:\Python312\Scripts\;C:\Python312\;C:\Program Files\Common Files\Oracle\Java\javapath;C:\Program Files\Java\jdk-17\bin;C:\Program Files (x86)\Common Files\Intel\Shared Libraries\redist\intel64\compiler;C:\WINDOWS\system32;C:\WINDOWS;C:\WINDOWS\System32\Wbem;C:\WINDOWS\System32\WindowsPowerShell\v1.0\;C:\WINDOWS\System32\OpenSSH\;C:\Program Files\Common Files\Autodesk Shared\;c:\Program Files (x86)\Microsoft SQL Server\100\Tools\Binn\;c:\Program Files\Microsoft SQL Server\100\Tools\Binn\;c:\Program Files\Microsoft SQL Server\100\DTS\Binn\;C:\Program Files\Microsoft SQL Server\120\Tools\Binn\;C:\Program Files\dotnet\;C:\Program Files\Git\cmd;C:\Program Files\Docker\Docker\resources\bin;C:\Program Files\nodejs\;C:\ProgramData\chocolatey\bin;C:\Program Files\MySQL\MySQL Shell 8.0\bin\;C:\Users\user\AppData\Local\Microsoft\WindowsApps;C:\Program Files\Bandizip\;;C:\Users\user\AppData\Local\Programs\Microsoft VS Code\bin;C:\Program Files\JetBrains\IntelliJ IDEA Community Edition 2024.1.4\bin;;C:\Users\user\AppData\Local\Microsoft\WinGet\Packages\Schniz.fnm_Microsoft.Winget.Source_8wekyb3d8bbwe;C:\Users\user\AppData\Roaming\npm;.]
20-Aug-2024 11:50:01.089 INFO [main] org.apache.coyote.AbstractProtocol.init  ڵ鷯 ["http-nio-80"]() ʱȭմϴ.
20-Aug-2024 11:50:01.142 INFO [main] org.apache.catalina.startup.Catalina.load [755] и   ʱȭǾϴ.
20-Aug-2024 11:50:01.207 INFO [main] org.apache.catalina.core.StandardService.startInternal  [Catalina]() մϴ.
20-Aug-2024 11:50:01.207 INFO [main] org.apache.catalina.core.StandardEngine.startInternal   մϴ: [Apache Tomcat/10.1.28]
20-Aug-2024 11:50:01.227 INFO [main] org.apache.catalina.startup.HostConfig.deployDirectory  ø̼ 丮 [D:\Work\JSP_Work\apache-tomcat-10.1.28\webapps\ROOT]() ġմϴ.
20-Aug-2024 11:50:01.664 INFO [main] org.apache.jasper.servlet.TldScanner.scanJars  ϳ JAR TLD ã  ĵǾ ƹ ͵ ã ߽ϴ. ĵ TLD  JAR ü  ÷, α    Ͻʽÿ. ĵ  ʿ JAR ǳʶٸ, ý  ð JSP  ð ų  ֽϴ.
20-Aug-2024 11:50:01.848 WARNING [main] org.apache.catalina.util.SessionIdGeneratorBase.createSecureRandom [SHA1PRNG] ˰ Ͽ,  ID ϱ  SecureRandom ü ϴµ, [144] иʰ ҿƽϴ.
20-Aug-2024 11:50:01.884 INFO [main] org.apache.catalina.startup.HostConfig.deployDirectory  ø̼ 丮 [D:\Work\JSP_Work\apache-tomcat-10.1.28\webapps\ROOT]  ġ [657] иʿ ϷǾϴ.
20-Aug-2024 11:50:01.898 INFO [main] org.apache.coyote.AbstractProtocol.start  ڵ鷯 ["http-nio-80"]() մϴ.
20-Aug-2024 11:50:02.152 INFO [main] org.apache.catalina.startup.Catalina.start  [1009] и  ۵Ǿϴ.
20-Aug-2024 12:07:31.462 WARNING [main] org.apache.tomcat.util.digester.Digester.endElement [Server/Service/Context]() ϴ rule ã  ϴ.
20-Aug-2024 12:07:31.557 INFO [main] org.apache.catalina.startup.VersionLoggerListener.log   ̸:    Apache Tomcat/10.1.28
20-Aug-2024 12:07:31.558 INFO [main] org.apache.catalina.startup.VersionLoggerListener.log Server  ð:  Aug 2 2024 15:14:43 UTC
20-Aug-2024 12:07:31.558 INFO [main] org.apache.catalina.startup.VersionLoggerListener.log Server  ȣ:  10.1.28.0
20-Aug-2024 12:07:31.558 INFO [main] org.apache.catalina.startup.VersionLoggerListener.log ü ̸:     Windows 10
20-Aug-2024 12:07:31.558 INFO [main] org.apache.catalina.startup.VersionLoggerListener.log ü :     10.0
20-Aug-2024 12:07:31.558 INFO [main] org.apache.catalina.startup.VersionLoggerListener.log Űó:          amd64
20-Aug-2024 12:07:31.559 INFO [main] org.apache.catalina.startup.VersionLoggerListener.log ڹ Ȩ:           C:\Program Files\Java\jdk-13.0.2
20-Aug-2024 12:07:31.560 INFO [main] org.apache.catalina.startup.VersionLoggerListener.log JVM :          13.0.2+8
20-Aug-2024 12:07:31.561 INFO [main] org.apache.catalina.startup.VersionLoggerListener.log JVM :          Oracle Corporation
20-Aug-2024 12:07:31.561 INFO [main] org.apache.catalina.startup.VersionLoggerListener.log CATALINA_BASE:     D:\Work\JSP_Work\apache-tomcat-10.1.28
20-Aug-2024 12:07:31.561 INFO [main] org.apache.catalina.startup.VersionLoggerListener.log CATALINA_HOME:     D:\Work\JSP_Work\apache-tomcat-10.1.28
20-Aug-2024 12:07:31.562 INFO [main] org.apache.catalina.startup.VersionLoggerListener.log   ƱԸƮ:  -Djava.util.logging.config.file=d:\Work\JSP_Work\apache-tomcat-10.1.28/conf/logging.properties
20-Aug-2024 12:07:31.563 INFO [main] org.apache.catalina.startup.VersionLoggerListener.log   ƱԸƮ:  -Djava.util.logging.manager=org.apache.juli.ClassLoaderLogManager
20-Aug-2024 12:07:31.563 INFO [main] org.apache.catalina.startup.VersionLoggerListener.log   ƱԸƮ:  -Djdk.tls.ephemeralDHKeySize=2048
20-Aug-2024 12:07:31.563 INFO [main] org.apache.catalina.startup.VersionLoggerListener.log   ƱԸƮ:  -Djava.protocol.handler.pkgs=org.apache.catalina.webresources
20-Aug-2024 12:07:31.563 INFO [main] org.apache.catalina.startup.VersionLoggerListener.log   ƱԸƮ:  -Dorg.apache.catalina.security.SecurityListener.UMASK=0027
20-Aug-2024 12:07:31.563 INFO [main] org.apache.catalina.startup.VersionLoggerListener.log   ƱԸƮ:  -Dcatalina.base=d:\Work\JSP_Work\apache-tomcat-10.1.28
20-Aug-2024 12:07:31.568 INFO [main] org.apache.catalina.startup.VersionLoggerListener.log   ƱԸƮ:  -Dcatalina.home=d:\Work\JSP_Work\apache-tomcat-10.1.28
20-Aug-2024 12:07:31.569 INFO [main] org.apache.catalina.startup.VersionLoggerListener.log   ƱԸƮ:  -Djava.io.tmpdir=d:\Work\JSP_Work\apache-tomcat-10.1.28/temp
20-Aug-2024 12:07:31.594 INFO [main] org.apache.catalina.core.AprLifecycleListener.lifecycleEvent δ ȯ鿡   ϴ, APR  Apache Tomcat Native ̺귯,  java.library.path ߰ߵ ʽϴ: [C:\Program Files\Java\jdk-13.0.2\bin;C:\WINDOWS\Sun\Java\bin;C:\WINDOWS\system32;C:\WINDOWS;C:\Python312\Scripts\;C:\Python312\;C:\Program Files\Common Files\Oracle\Java\javapath;C:\Program Files\Java\jdk-17\bin;C:\Program Files (x86)\Common Files\Intel\Shared Libraries\redist\intel64\compiler;C:\WINDOWS\system32;C:\WINDOWS;C:\WINDOWS\System32\Wbem;C:\WINDOWS\System32\WindowsPowerShell\v1.0\;C:\WINDOWS\System32\OpenSSH\;C:\Program Files\Common Files\Autodesk Shared\;c:\Program Files (x86)\Microsoft SQL Server\100\Tools\Binn\;c:\Program Files\Microsoft SQL Server\100\Tools\Binn\;c:\Program Files\Microsoft SQL Server\100\DTS\Binn\;C:\Program Files\Microsoft SQL Server\120\Tools\Binn\;C:\Program Files\dotnet\;C:\Program Files\Git\cmd;C:\Program Files\Docker\Docker\resources\bin;C:\Program Files\nodejs\;C:\ProgramData\chocolatey\bin;C:\Program Files\MySQL\MySQL Shell 8.0\bin\;C:\Users\user\AppData\Local\Microsoft\WindowsApps;C:\Program Files\Bandizip\;;C:\Users\user\AppData\Local\Programs\Microsoft VS Code\bin;C:\Program Files\JetBrains\IntelliJ IDEA Community Edition 2024.1.4\bin;;C:\Users\user\AppData\Local\Microsoft\WinGet\Packages\Schniz.fnm_Microsoft.Winget.Source_8wekyb3d8bbwe;C:\Users\user\AppData\Roaming\npm;.]
20-Aug-2024 12:07:31.928 INFO [main] org.apache.coyote.AbstractProtocol.init  ڵ鷯 ["http-nio-80"]() ʱȭմϴ.
20-Aug-2024 12:07:31.979 INFO [main] org.apache.catalina.startup.Catalina.load [760] и   ʱȭǾϴ.
20-Aug-2024 12:07:32.045 INFO [main] org.apache.catalina.core.StandardService.startInternal  [Catalina]() մϴ.
20-Aug-2024 12:07:32.045 INFO [main] org.apache.catalina.core.StandardEngine.startInternal   մϴ: [Apache Tomcat/10.1.28]
20-Aug-2024 12:07:32.061 INFO [main] org.apache.catalina.startup.HostConfig.deployDirectory  ø̼ 丮 [D:\Work\JSP_Work\apache-tomcat-10.1.28\webapps\ROOT]() ġմϴ.
20-Aug-2024 12:07:32.835 INFO [main] org.apache.jasper.servlet.TldScanner.scanJars  ϳ JAR TLD ã  ĵǾ ƹ ͵ ã ߽ϴ. ĵ TLD  JAR ü  ÷, α    Ͻʽÿ. ĵ  ʿ JAR ǳʶٸ, ý  ð JSP  ð ų  ֽϴ.
20-Aug-2024 12:07:32.999 WARNING [main] org.apache.catalina.util.SessionIdGeneratorBase.createSecureRandom [SHA1PRNG] ˰ Ͽ,  ID ϱ  SecureRandom ü ϴµ, [128] иʰ ҿƽϴ.
20-Aug-2024 12:07:33.039 INFO [main] org.apache.catalina.startup.HostConfig.deployDirectory  ø̼ 丮 [D:\Work\JSP_Work\apache-tomcat-10.1.28\webapps\ROOT]  ġ [978] иʿ ϷǾϴ.
20-Aug-2024 12:07:33.051 INFO [main] org.apache.coyote.AbstractProtocol.start  ڵ鷯 ["http-nio-80"]() մϴ.
20-Aug-2024 12:07:33.299 INFO [main] org.apache.catalina.startup.Catalina.start  [1319] и  ۵Ǿϴ.
