20-Aug-2024 10:17:01.426 INFO [main] org.apache.catalina.core.ApplicationContext.log ContextListener: contextInitialized()
20-Aug-2024 10:17:01.426 INFO [main] org.apache.catalina.core.ApplicationContext.log SessionListener: contextInitialized()
20-Aug-2024 10:17:01.429 INFO [main] org.apache.catalina.core.ApplicationContext.log ContextListener: attributeAdded('StockTicker', 'async.Stockticker@49ef32e0')
20-Aug-2024 10:18:23.602 INFO [main] org.apache.catalina.core.ApplicationContext.log ContextListener: contextInitialized()
20-Aug-2024 10:18:23.603 INFO [main] org.apache.catalina.core.ApplicationContext.log SessionListener: contextInitialized()
20-Aug-2024 10:18:23.606 INFO [main] org.apache.catalina.core.ApplicationContext.log ContextListener: attributeAdded('StockTicker', 'async.Stockticker@49ef32e0')
20-Aug-2024 10:19:13.024 INFO [main] org.apache.catalina.core.ApplicationContext.log ContextListener: contextInitialized()
20-Aug-2024 10:19:13.024 INFO [main] org.apache.catalina.core.ApplicationContext.log SessionListener: contextInitialized()
20-Aug-2024 10:19:13.027 INFO [main] org.apache.catalina.core.ApplicationContext.log ContextListener: attributeAdded('StockTicker', 'async.Stockticker@49ef32e0')
20-Aug-2024 10:48:52.231 INFO [main] org.apache.catalina.core.ApplicationContext.log ContextListener: contextInitialized()
20-Aug-2024 10:48:52.231 INFO [main] org.apache.catalina.core.ApplicationContext.log SessionListener: contextInitialized()
20-Aug-2024 10:48:52.234 INFO [main] org.apache.catalina.core.ApplicationContext.log ContextListener: attributeAdded('StockTicker', 'async.Stockticker@49ef32e0')
20-Aug-2024 10:49:27.224 INFO [main] org.apache.catalina.core.ApplicationContext.log ContextListener: contextInitialized()
20-Aug-2024 10:49:27.224 INFO [main] org.apache.catalina.core.ApplicationContext.log SessionListener: contextInitialized()
20-Aug-2024 10:49:27.227 INFO [main] org.apache.catalina.core.ApplicationContext.log ContextListener: attributeAdded('StockTicker', 'async.Stockticker@49ef32e0')
20-Aug-2024 12:07:49.652 SEVERE [http-nio-80-exec-5] org.apache.catalina.core.StandardWrapperValve.invoke 경로 []의 컨텍스트 내의 서블릿 [jsp]을(를) 위한 Servlet.service() 호출이, 근본 원인(root cause)과 함께, 예외 [JSP를 위한 클래스를 컴파일할 수 없습니다.: 

JSP 파일 [/signUp.jsp]의 [14] 행에서 오류가 발생했습니다.
DriverManager cannot be resolved
11:     try{
12:         Class.forName("com.mysql.cj.jdbc.Driver");
13:         Connection conn=
14:             DriverManager
15:                 .getConnection(
16:                     "jdbc:mysql://localhost:3307/NYH",
17:                     "root",


JSP 파일 [/signUp.jsp]의 [19] 행에서 오류가 발생했습니다.
PreparedStatement cannot be resolved to a type
16:                     "jdbc:mysql://localhost:3307/NYH",
17:                     "root",
18:                     "0715");
19:             PreparedStatement pstmt = conn.prepareStatement("INSERT INTO users (email, password) VALUES (?, ?);");
20:             pstmt.setString(1, email);
21:             pstmt.setInt(2, password);
22:             pstmt.executeUpdate();


Stacktrace:]을(를) 발생시켰습니다.
	org.apache.jasper.JasperException: JSP를 위한 클래스를 컴파일할 수 없습니다.: 

JSP 파일 [/signUp.jsp]의 [14] 행에서 오류가 발생했습니다.
DriverManager cannot be resolved
11:     try{
12:         Class.forName("com.mysql.cj.jdbc.Driver");
13:         Connection conn=
14:             DriverManager
15:                 .getConnection(
16:                     "jdbc:mysql://localhost:3307/NYH",
17:                     "root",


JSP 파일 [/signUp.jsp]의 [19] 행에서 오류가 발생했습니다.
PreparedStatement cannot be resolved to a type
16:                     "jdbc:mysql://localhost:3307/NYH",
17:                     "root",
18:                     "0715");
19:             PreparedStatement pstmt = conn.prepareStatement("INSERT INTO users (email, password) VALUES (?, ?);");
20:             pstmt.setString(1, email);
21:             pstmt.setInt(2, password);
22:             pstmt.executeUpdate();


Stacktrace:
		at org.apache.jasper.compiler.DefaultErrorHandler.javacError(DefaultErrorHandler.java:81)
		at org.apache.jasper.compiler.ErrorDispatcher.javacError(ErrorDispatcher.java:214)
		at org.apache.jasper.compiler.JDTCompiler.generateClass(JDTCompiler.java:543)
		at org.apache.jasper.compiler.Compiler.compile(Compiler.java:402)
		at org.apache.jasper.compiler.Compiler.compile(Compiler.java:372)
		at org.apache.jasper.compiler.Compiler.compile(Compiler.java:356)
		at org.apache.jasper.JspCompilationContext.compile(JspCompilationContext.java:603)
		at org.apache.jasper.servlet.JspServletWrapper.service(JspServletWrapper.java:396)
		at org.apache.jasper.servlet.JspServlet.serviceJspFile(JspServlet.java:377)
		at org.apache.jasper.servlet.JspServlet.service(JspServlet.java:325)
		at jakarta.servlet.http.HttpServlet.service(HttpServlet.java:658)
		at org.apache.catalina.core.ApplicationFilterChain.internalDoFilter(ApplicationFilterChain.java:195)
		at org.apache.catalina.core.ApplicationFilterChain.doFilter(ApplicationFilterChain.java:140)
		at org.apache.tomcat.websocket.server.WsFilter.doFilter(WsFilter.java:51)
		at org.apache.catalina.core.ApplicationFilterChain.internalDoFilter(ApplicationFilterChain.java:164)
		at org.apache.catalina.core.ApplicationFilterChain.doFilter(ApplicationFilterChain.java:140)
		at org.apache.catalina.core.StandardWrapperValve.invoke(StandardWrapperValve.java:167)
		at org.apache.catalina.core.StandardContextValve.invoke(StandardContextValve.java:90)
		at org.apache.catalina.authenticator.AuthenticatorBase.invoke(AuthenticatorBase.java:483)
		at org.apache.catalina.core.StandardHostValve.invoke(StandardHostValve.java:115)
		at org.apache.catalina.valves.ErrorReportValve.invoke(ErrorReportValve.java:93)
		at org.apache.catalina.valves.AbstractAccessLogValve.invoke(AbstractAccessLogValve.java:663)
		at org.apache.catalina.core.StandardEngineValve.invoke(StandardEngineValve.java:74)
		at org.apache.catalina.connector.CoyoteAdapter.service(CoyoteAdapter.java:344)
		at org.apache.coyote.http11.Http11Processor.service(Http11Processor.java:384)
		at org.apache.coyote.AbstractProcessorLight.process(AbstractProcessorLight.java:63)
		at org.apache.coyote.AbstractProtocol$ConnectionHandler.process(AbstractProtocol.java:904)
		at org.apache.tomcat.util.net.NioEndpoint$SocketProcessor.doRun(NioEndpoint.java:1741)
		at org.apache.tomcat.util.net.SocketProcessorBase.run(SocketProcessorBase.java:52)
		at org.apache.tomcat.util.threads.ThreadPoolExecutor.runWorker(ThreadPoolExecutor.java:1190)
		at org.apache.tomcat.util.threads.ThreadPoolExecutor$Worker.run(ThreadPoolExecutor.java:659)
		at org.apache.tomcat.util.threads.TaskThread$WrappingRunnable.run(TaskThread.java:63)
		at java.base/java.lang.Thread.run(Thread.java:830)
20-Aug-2024 12:08:46.409 SEVERE [http-nio-80-exec-5] org.apache.catalina.core.StandardWrapperValve.invoke 경로 []의 컨텍스트 내의 서블릿 [jsp]을(를) 위한 Servlet.service() 호출이, 근본 원인(root cause)과 함께, 예외 [JSP를 위한 클래스를 컴파일할 수 없습니다.: 

JSP 파일 [/signUp.jsp]의 [23] 행에서 오류가 발생했습니다.
The method setInt(int, int) in the type PreparedStatement is not applicable for the arguments (int, String)
20:                     "0715");
21:             PreparedStatement pstmt = conn.prepareStatement("INSERT INTO users (email, password) VALUES (?, ?);");
22:             pstmt.setString(1, email);
23:             pstmt.setInt(2, password);
24:             pstmt.executeUpdate();
25:     }catch(Exception e){
26:         e.printStackTrace();


Stacktrace:]을(를) 발생시켰습니다.
	org.apache.jasper.JasperException: JSP를 위한 클래스를 컴파일할 수 없습니다.: 

JSP 파일 [/signUp.jsp]의 [23] 행에서 오류가 발생했습니다.
The method setInt(int, int) in the type PreparedStatement is not applicable for the arguments (int, String)
20:                     "0715");
21:             PreparedStatement pstmt = conn.prepareStatement("INSERT INTO users (email, password) VALUES (?, ?);");
22:             pstmt.setString(1, email);
23:             pstmt.setInt(2, password);
24:             pstmt.executeUpdate();
25:     }catch(Exception e){
26:         e.printStackTrace();


Stacktrace:
		at org.apache.jasper.compiler.DefaultErrorHandler.javacError(DefaultErrorHandler.java:81)
		at org.apache.jasper.compiler.ErrorDispatcher.javacError(ErrorDispatcher.java:214)
		at org.apache.jasper.compiler.JDTCompiler.generateClass(JDTCompiler.java:543)
		at org.apache.jasper.compiler.Compiler.compile(Compiler.java:402)
		at org.apache.jasper.compiler.Compiler.compile(Compiler.java:372)
		at org.apache.jasper.compiler.Compiler.compile(Compiler.java:356)
		at org.apache.jasper.JspCompilationContext.compile(JspCompilationContext.java:603)
		at org.apache.jasper.servlet.JspServletWrapper.service(JspServletWrapper.java:396)
		at org.apache.jasper.servlet.JspServlet.serviceJspFile(JspServlet.java:377)
		at org.apache.jasper.servlet.JspServlet.service(JspServlet.java:325)
		at jakarta.servlet.http.HttpServlet.service(HttpServlet.java:658)
		at org.apache.catalina.core.ApplicationFilterChain.internalDoFilter(ApplicationFilterChain.java:195)
		at org.apache.catalina.core.ApplicationFilterChain.doFilter(ApplicationFilterChain.java:140)
		at org.apache.tomcat.websocket.server.WsFilter.doFilter(WsFilter.java:51)
		at org.apache.catalina.core.ApplicationFilterChain.internalDoFilter(ApplicationFilterChain.java:164)
		at org.apache.catalina.core.ApplicationFilterChain.doFilter(ApplicationFilterChain.java:140)
		at org.apache.catalina.core.StandardWrapperValve.invoke(StandardWrapperValve.java:167)
		at org.apache.catalina.core.StandardContextValve.invoke(StandardContextValve.java:90)
		at org.apache.catalina.authenticator.AuthenticatorBase.invoke(AuthenticatorBase.java:483)
		at org.apache.catalina.core.StandardHostValve.invoke(StandardHostValve.java:115)
		at org.apache.catalina.valves.ErrorReportValve.invoke(ErrorReportValve.java:93)
		at org.apache.catalina.valves.AbstractAccessLogValve.invoke(AbstractAccessLogValve.java:663)
		at org.apache.catalina.core.StandardEngineValve.invoke(StandardEngineValve.java:74)
		at org.apache.catalina.connector.CoyoteAdapter.service(CoyoteAdapter.java:344)
		at org.apache.coyote.http11.Http11Processor.service(Http11Processor.java:384)
		at org.apache.coyote.AbstractProcessorLight.process(AbstractProcessorLight.java:63)
		at org.apache.coyote.AbstractProtocol$ConnectionHandler.process(AbstractProtocol.java:904)
		at org.apache.tomcat.util.net.NioEndpoint$SocketProcessor.doRun(NioEndpoint.java:1741)
		at org.apache.tomcat.util.net.SocketProcessorBase.run(SocketProcessorBase.java:52)
		at org.apache.tomcat.util.threads.ThreadPoolExecutor.runWorker(ThreadPoolExecutor.java:1190)
		at org.apache.tomcat.util.threads.ThreadPoolExecutor$Worker.run(ThreadPoolExecutor.java:659)
		at org.apache.tomcat.util.threads.TaskThread$WrappingRunnable.run(TaskThread.java:63)
		at java.base/java.lang.Thread.run(Thread.java:830)
